# Logfile created on 2014-02-22 15:45:36 -0600 by logger.rb/44203
I, [2014-02-22T15:45:36.977368 #2329]  INFO -- : 0:  rake (10.1.1) from /Users/luisloya/Code/Cuanto-Debemos/vendor/bundle/ruby/2.1.0/specifications/rake-10.1.1.gemspec
I, [2014-02-22T15:45:37.968911 #2329]  INFO -- : 0:  i18n (0.6.9) from /Users/luisloya/Code/Cuanto-Debemos/vendor/bundle/ruby/2.1.0/specifications/i18n-0.6.9.gemspec
I, [2014-02-22T15:45:37.969362 #2329]  INFO -- : 0:  minitest (4.7.5) from /Users/luisloya/.rvm/rubies/ruby-2.1.0/lib/ruby/gems/2.1.0/specifications/default/minitest-4.7.5.gemspec
I, [2014-02-22T15:45:40.297789 #2329]  INFO -- : 0:  multi_json (1.8.4) from /Users/luisloya/Code/Cuanto-Debemos/vendor/bundle/ruby/2.1.0/specifications/multi_json-1.8.4.gemspec
I, [2014-02-22T15:45:42.664073 #2329]  INFO -- : 0:  atomic (1.1.14) from /Users/luisloya/Code/Cuanto-Debemos/vendor/bundle/ruby/2.1.0/specifications/atomic-1.1.14.gemspec
I, [2014-02-22T15:45:44.233263 #2329]  INFO -- : 0:  thread_safe (0.1.3) from /Users/luisloya/Code/Cuanto-Debemos/vendor/bundle/ruby/2.1.0/specifications/thread_safe-0.1.3.gemspec
I, [2014-02-22T15:45:46.266426 #2329]  INFO -- : 0:  tzinfo (0.3.38) from /Users/luisloya/Code/Cuanto-Debemos/vendor/bundle/ruby/2.1.0/specifications/tzinfo-0.3.38.gemspec
I, [2014-02-22T15:45:48.112806 #2329]  INFO -- : 0:  activesupport (4.0.3) from /Users/luisloya/Code/Cuanto-Debemos/vendor/bundle/ruby/2.1.0/specifications/activesupport-4.0.3.gemspec
I, [2014-02-22T15:45:48.865680 #2329]  INFO -- : 0:  builder (3.1.4) from /Users/luisloya/Code/Cuanto-Debemos/vendor/bundle/ruby/2.1.0/specifications/builder-3.1.4.gemspec
I, [2014-02-22T15:45:50.116709 #2329]  INFO -- : 0:  erubis (2.7.0) from /Users/luisloya/Code/Cuanto-Debemos/vendor/bundle/ruby/2.1.0/specifications/erubis-2.7.0.gemspec
I, [2014-02-22T15:45:51.780461 #2329]  INFO -- : 0:  rack (1.5.2) from /Users/luisloya/Code/Cuanto-Debemos/vendor/bundle/ruby/2.1.0/specifications/rack-1.5.2.gemspec
I, [2014-02-22T15:45:52.729681 #2329]  INFO -- : 0:  rack-test (0.6.2) from /Users/luisloya/Code/Cuanto-Debemos/vendor/bundle/ruby/2.1.0/specifications/rack-test-0.6.2.gemspec
I, [2014-02-22T15:45:54.964992 #2329]  INFO -- : 0:  actionpack (4.0.3) from /Users/luisloya/Code/Cuanto-Debemos/vendor/bundle/ruby/2.1.0/specifications/actionpack-4.0.3.gemspec
I, [2014-02-22T15:45:56.157379 #2329]  INFO -- : 0:  mime-types (1.25.1) from /Users/luisloya/Code/Cuanto-Debemos/vendor/bundle/ruby/2.1.0/specifications/mime-types-1.25.1.gemspec
I, [2014-02-22T15:45:57.075003 #2329]  INFO -- : 0:  polyglot (0.3.4) from /Users/luisloya/Code/Cuanto-Debemos/vendor/bundle/ruby/2.1.0/specifications/polyglot-0.3.4.gemspec
I, [2014-02-22T15:45:58.396665 #2329]  INFO -- : 0:  treetop (1.4.15) from /Users/luisloya/Code/Cuanto-Debemos/vendor/bundle/ruby/2.1.0/specifications/treetop-1.4.15.gemspec
I, [2014-02-22T15:46:00.129539 #2329]  INFO -- : 0:  mail (2.5.4) from /Users/luisloya/Code/Cuanto-Debemos/vendor/bundle/ruby/2.1.0/specifications/mail-2.5.4.gemspec
I, [2014-02-22T15:46:01.233692 #2329]  INFO -- : 0:  actionmailer (4.0.3) from /Users/luisloya/Code/Cuanto-Debemos/vendor/bundle/ruby/2.1.0/specifications/actionmailer-4.0.3.gemspec
I, [2014-02-22T15:46:02.516920 #2329]  INFO -- : 0:  activemodel (4.0.3) from /Users/luisloya/Code/Cuanto-Debemos/vendor/bundle/ruby/2.1.0/specifications/activemodel-4.0.3.gemspec
I, [2014-02-22T15:46:03.632420 #2329]  INFO -- : 0:  activerecord-deprecated_finders (1.0.3) from /Users/luisloya/Code/Cuanto-Debemos/vendor/bundle/ruby/2.1.0/specifications/activerecord-deprecated_finders-1.0.3.gemspec
I, [2014-02-22T15:46:04.546000 #2329]  INFO -- : 0:  arel (4.0.2) from /Users/luisloya/Code/Cuanto-Debemos/vendor/bundle/ruby/2.1.0/specifications/arel-4.0.2.gemspec
I, [2014-02-22T15:46:06.238479 #2329]  INFO -- : 0:  activerecord (4.0.3) from /Users/luisloya/Code/Cuanto-Debemos/vendor/bundle/ruby/2.1.0/specifications/activerecord-4.0.3.gemspec
I, [2014-02-22T15:46:08.049424 #2329]  INFO -- : 0:  bcrypt (3.1.6) from /Users/luisloya/Code/Cuanto-Debemos/vendor/bundle/ruby/2.1.0/specifications/bcrypt-3.1.6.gemspec
I, [2014-02-22T15:46:09.007359 #2329]  INFO -- : 0:  bcrypt-ruby (3.1.5) from /Users/luisloya/Code/Cuanto-Debemos/vendor/bundle/ruby/2.1.0/specifications/bcrypt-ruby-3.1.5.gemspec
I, [2014-02-22T15:46:10.871771 #2329]  INFO -- : 0:  sass (3.2.14) from /Users/luisloya/Code/Cuanto-Debemos/vendor/bundle/ruby/2.1.0/specifications/sass-3.2.14.gemspec
I, [2014-02-22T15:46:12.486818 #2329]  INFO -- : 0:  bootstrap-sass (3.0.3.0) from /Users/luisloya/Code/Cuanto-Debemos/vendor/bundle/ruby/2.1.0/specifications/bootstrap-sass-3.0.3.0.gemspec
I, [2014-02-22T15:46:13.155184 #2329]  INFO -- : 0:  mini_portile (0.5.2) from /Users/luisloya/Code/Cuanto-Debemos/vendor/bundle/ruby/2.1.0/specifications/mini_portile-0.5.2.gemspec
I, [2014-02-22T15:47:40.840655 #2329]  INFO -- : 0:  nokogiri (1.6.1) from /Users/luisloya/Code/Cuanto-Debemos/vendor/bundle/ruby/2.1.0/specifications/nokogiri-1.6.1.gemspec
I, [2014-02-22T15:47:45.163239 #2329]  INFO -- : 0:  xpath (2.0.0) from /Users/luisloya/Code/Cuanto-Debemos/vendor/bundle/ruby/2.1.0/specifications/xpath-2.0.0.gemspec
I, [2014-02-22T15:47:47.021116 #2329]  INFO -- : 0:  capybara (2.2.1) from /Users/luisloya/Code/Cuanto-Debemos/vendor/bundle/ruby/2.1.0/specifications/capybara-2.2.1.gemspec
I, [2014-02-22T15:47:48.444383 #2329]  INFO -- : 0:  coffee-script-source (1.7.0) from /Users/luisloya/Code/Cuanto-Debemos/vendor/bundle/ruby/2.1.0/specifications/coffee-script-source-1.7.0.gemspec
I, [2014-02-22T15:47:49.686349 #2329]  INFO -- : 0:  execjs (2.0.2) from /Users/luisloya/Code/Cuanto-Debemos/vendor/bundle/ruby/2.1.0/specifications/execjs-2.0.2.gemspec
I, [2014-02-22T15:47:50.539078 #2329]  INFO -- : 0:  coffee-script (2.2.0) from /Users/luisloya/Code/Cuanto-Debemos/vendor/bundle/ruby/2.1.0/specifications/coffee-script-2.2.0.gemspec
I, [2014-02-22T15:47:52.145866 #2329]  INFO -- : 0:  thor (0.18.1) from /Users/luisloya/Code/Cuanto-Debemos/vendor/bundle/ruby/2.1.0/specifications/thor-0.18.1.gemspec
I, [2014-02-22T15:47:53.938903 #2329]  INFO -- : 0:  railties (4.0.3) from /Users/luisloya/Code/Cuanto-Debemos/vendor/bundle/ruby/2.1.0/specifications/railties-4.0.3.gemspec
I, [2014-02-22T15:47:55.524662 #2329]  INFO -- : 0:  coffee-rails (4.0.1) from /Users/luisloya/Code/Cuanto-Debemos/vendor/bundle/ruby/2.1.0/specifications/coffee-rails-4.0.1.gemspec
I, [2014-02-22T15:47:57.002809 #2329]  INFO -- : 0:  diff-lcs (1.2.5) from /Users/luisloya/Code/Cuanto-Debemos/vendor/bundle/ruby/2.1.0/specifications/diff-lcs-1.2.5.gemspec
I, [2014-02-22T15:47:57.003144 #2329]  INFO -- : 0:  bundler (1.5.1) from /Users/luisloya/.rvm/gems/ruby-2.1.0@global/gems/bundler-1.5.1/lib/bundler/source
I, [2014-02-22T15:47:57.701506 #2329]  INFO -- : 0:  hike (1.2.3) from /Users/luisloya/Code/Cuanto-Debemos/vendor/bundle/ruby/2.1.0/specifications/hike-1.2.3.gemspec
I, [2014-02-22T15:47:58.590561 #2329]  INFO -- : 0:  tilt (1.4.1) from /Users/luisloya/Code/Cuanto-Debemos/vendor/bundle/ruby/2.1.0/specifications/tilt-1.4.1.gemspec
I, [2014-02-22T15:48:00.095833 #2329]  INFO -- : 0:  sprockets (2.11.0) from /Users/luisloya/Code/Cuanto-Debemos/vendor/bundle/ruby/2.1.0/specifications/sprockets-2.11.0.gemspec
I, [2014-02-22T15:48:01.345908 #2329]  INFO -- : 0:  sprockets-rails (2.0.1) from /Users/luisloya/Code/Cuanto-Debemos/vendor/bundle/ruby/2.1.0/specifications/sprockets-rails-2.0.1.gemspec
I, [2014-02-22T15:48:05.199102 #2329]  INFO -- : 0:  rails (4.0.3) from /Users/luisloya/Code/Cuanto-Debemos/vendor/bundle/ruby/2.1.0/specifications/rails-4.0.3.gemspec
I, [2014-02-22T15:48:06.356670 #2329]  INFO -- : 0:  figaro (0.7.0) from /Users/luisloya/Code/Cuanto-Debemos/vendor/bundle/ruby/2.1.0/specifications/figaro-0.7.0.gemspec
I, [2014-02-22T15:48:08.065315 #2329]  INFO -- : 0:  sass-rails (4.0.1) from /Users/luisloya/Code/Cuanto-Debemos/vendor/bundle/ruby/2.1.0/specifications/sass-rails-4.0.1.gemspec
I, [2014-02-22T15:48:09.364344 #2329]  INFO -- : 0:  font-awesome-sass (4.0.2) from /Users/luisloya/Code/Cuanto-Debemos/vendor/bundle/ruby/2.1.0/specifications/font-awesome-sass-4.0.2.gemspec
I, [2014-02-22T15:48:10.828880 #2329]  INFO -- : 0:  friendly_id (5.0.3) from /Users/luisloya/Code/Cuanto-Debemos/vendor/bundle/ruby/2.1.0/specifications/friendly_id-5.0.3.gemspec
I, [2014-02-22T15:48:12.142584 #2329]  INFO -- : 0:  jbuilder (1.5.3) from /Users/luisloya/Code/Cuanto-Debemos/vendor/bundle/ruby/2.1.0/specifications/jbuilder-1.5.3.gemspec
I, [2014-02-22T15:48:13.830614 #2329]  INFO -- : 0:  jquery-rails (3.0.4) from /Users/luisloya/Code/Cuanto-Debemos/vendor/bundle/ruby/2.1.0/specifications/jquery-rails-3.0.4.gemspec
I, [2014-02-22T15:48:13.830990 #2329]  INFO -- : 0:  json (1.8.1) from /Users/luisloya/.rvm/rubies/ruby-2.1.0/lib/ruby/gems/2.1.0/specifications/default/json-1.8.1.gemspec
I, [2014-02-22T15:48:15.343821 #2329]  INFO -- : 0:  kaminari (0.15.1) from /Users/luisloya/Code/Cuanto-Debemos/vendor/bundle/ruby/2.1.0/specifications/kaminari-0.15.1.gemspec
I, [2014-02-22T15:48:20.780405 #2329]  INFO -- : 0:  pg (0.17.1) from /Users/luisloya/Code/Cuanto-Debemos/vendor/bundle/ruby/2.1.0/specifications/pg-0.17.1.gemspec
I, [2014-02-22T15:48:22.205381 #2329]  INFO -- : 0:  rails_layout (0.5.11) from /Users/luisloya/Code/Cuanto-Debemos/vendor/bundle/ruby/2.1.0/specifications/rails_layout-0.5.11.gemspec
I, [2014-02-22T15:48:24.770673 #2329]  INFO -- : 0:  rdoc (4.1.1) from /Users/luisloya/Code/Cuanto-Debemos/vendor/bundle/ruby/2.1.0/specifications/rdoc-4.1.1.gemspec
I, [2014-02-22T15:48:26.800694 #2329]  INFO -- : 0:  rspec-core (2.14.7) from /Users/luisloya/Code/Cuanto-Debemos/vendor/bundle/ruby/2.1.0/specifications/rspec-core-2.14.7.gemspec
I, [2014-02-22T15:48:28.986507 #2329]  INFO -- : 0:  rspec-expectations (2.14.5) from /Users/luisloya/Code/Cuanto-Debemos/vendor/bundle/ruby/2.1.0/specifications/rspec-expectations-2.14.5.gemspec
I, [2014-02-22T15:48:30.645404 #2329]  INFO -- : 0:  rspec-mocks (2.14.6) from /Users/luisloya/Code/Cuanto-Debemos/vendor/bundle/ruby/2.1.0/specifications/rspec-mocks-2.14.6.gemspec
I, [2014-02-22T15:48:31.651615 #2329]  INFO -- : 0:  rspec-rails (2.14.1) from /Users/luisloya/Code/Cuanto-Debemos/vendor/bundle/ruby/2.1.0/specifications/rspec-rails-2.14.1.gemspec
I, [2014-02-22T15:48:33.991891 #2329]  INFO -- : 0:  sdoc (0.4.0) from /Users/luisloya/Code/Cuanto-Debemos/vendor/bundle/ruby/2.1.0/specifications/sdoc-0.4.0.gemspec
I, [2014-02-22T15:48:36.617832 #2329]  INFO -- : 0:  sqlite3 (1.3.8) from /Users/luisloya/Code/Cuanto-Debemos/vendor/bundle/ruby/2.1.0/specifications/sqlite3-1.3.8.gemspec
I, [2014-02-22T15:48:38.897394 #2329]  INFO -- : 0:  turbolinks (2.1.0) from /Users/luisloya/Code/Cuanto-Debemos/vendor/bundle/ruby/2.1.0/specifications/turbolinks-2.1.0.gemspec
I, [2014-02-22T15:48:40.993550 #2329]  INFO -- : 0:  uglifier (2.4.0) from /Users/luisloya/Code/Cuanto-Debemos/vendor/bundle/ruby/2.1.0/specifications/uglifier-2.4.0.gemspec
I, [2014-02-22T17:58:18.739525 #19050]  INFO -- : 0:  rake (10.1.1) from /Users/luisloya/Code/Cuanto-Debemos/vendor/bundle/ruby/2.1.0/specifications/rake-10.1.1.gemspec
I, [2014-02-22T17:58:18.739815 #19050]  INFO -- : 0:  i18n (0.6.9) from /Users/luisloya/Code/Cuanto-Debemos/vendor/bundle/ruby/2.1.0/specifications/i18n-0.6.9.gemspec
I, [2014-02-22T17:58:18.740045 #19050]  INFO -- : 0:  minitest (4.7.5) from /Users/luisloya/.rvm/rubies/ruby-2.1.0/lib/ruby/gems/2.1.0/specifications/default/minitest-4.7.5.gemspec
I, [2014-02-22T17:58:18.740276 #19050]  INFO -- : 0:  multi_json (1.8.4) from /Users/luisloya/Code/Cuanto-Debemos/vendor/bundle/ruby/2.1.0/specifications/multi_json-1.8.4.gemspec
I, [2014-02-22T17:58:18.740500 #19050]  INFO -- : 0:  atomic (1.1.14) from /Users/luisloya/Code/Cuanto-Debemos/vendor/bundle/ruby/2.1.0/specifications/atomic-1.1.14.gemspec
I, [2014-02-22T17:58:18.740722 #19050]  INFO -- : 0:  thread_safe (0.1.3) from /Users/luisloya/Code/Cuanto-Debemos/vendor/bundle/ruby/2.1.0/specifications/thread_safe-0.1.3.gemspec
I, [2014-02-22T17:58:18.740939 #19050]  INFO -- : 0:  tzinfo (0.3.38) from /Users/luisloya/Code/Cuanto-Debemos/vendor/bundle/ruby/2.1.0/specifications/tzinfo-0.3.38.gemspec
I, [2014-02-22T17:58:18.741148 #19050]  INFO -- : 0:  activesupport (4.0.3) from /Users/luisloya/Code/Cuanto-Debemos/vendor/bundle/ruby/2.1.0/specifications/activesupport-4.0.3.gemspec
I, [2014-02-22T17:58:18.741366 #19050]  INFO -- : 0:  builder (3.1.4) from /Users/luisloya/Code/Cuanto-Debemos/vendor/bundle/ruby/2.1.0/specifications/builder-3.1.4.gemspec
I, [2014-02-22T17:58:18.741584 #19050]  INFO -- : 0:  erubis (2.7.0) from /Users/luisloya/Code/Cuanto-Debemos/vendor/bundle/ruby/2.1.0/specifications/erubis-2.7.0.gemspec
I, [2014-02-22T17:58:18.741795 #19050]  INFO -- : 0:  rack (1.5.2) from /Users/luisloya/Code/Cuanto-Debemos/vendor/bundle/ruby/2.1.0/specifications/rack-1.5.2.gemspec
I, [2014-02-22T17:58:18.742009 #19050]  INFO -- : 0:  rack-test (0.6.2) from /Users/luisloya/Code/Cuanto-Debemos/vendor/bundle/ruby/2.1.0/specifications/rack-test-0.6.2.gemspec
I, [2014-02-22T17:58:18.742224 #19050]  INFO -- : 0:  actionpack (4.0.3) from /Users/luisloya/Code/Cuanto-Debemos/vendor/bundle/ruby/2.1.0/specifications/actionpack-4.0.3.gemspec
I, [2014-02-22T17:58:18.742438 #19050]  INFO -- : 0:  mime-types (1.25.1) from /Users/luisloya/Code/Cuanto-Debemos/vendor/bundle/ruby/2.1.0/specifications/mime-types-1.25.1.gemspec
I, [2014-02-22T17:58:18.742657 #19050]  INFO -- : 0:  polyglot (0.3.4) from /Users/luisloya/Code/Cuanto-Debemos/vendor/bundle/ruby/2.1.0/specifications/polyglot-0.3.4.gemspec
I, [2014-02-22T17:58:18.742874 #19050]  INFO -- : 0:  treetop (1.4.15) from /Users/luisloya/Code/Cuanto-Debemos/vendor/bundle/ruby/2.1.0/specifications/treetop-1.4.15.gemspec
I, [2014-02-22T17:58:18.743085 #19050]  INFO -- : 0:  mail (2.5.4) from /Users/luisloya/Code/Cuanto-Debemos/vendor/bundle/ruby/2.1.0/specifications/mail-2.5.4.gemspec
I, [2014-02-22T17:58:18.743301 #19050]  INFO -- : 0:  actionmailer (4.0.3) from /Users/luisloya/Code/Cuanto-Debemos/vendor/bundle/ruby/2.1.0/specifications/actionmailer-4.0.3.gemspec
I, [2014-02-22T17:58:18.743514 #19050]  INFO -- : 0:  activemodel (4.0.3) from /Users/luisloya/Code/Cuanto-Debemos/vendor/bundle/ruby/2.1.0/specifications/activemodel-4.0.3.gemspec
I, [2014-02-22T17:58:18.743724 #19050]  INFO -- : 0:  activerecord-deprecated_finders (1.0.3) from /Users/luisloya/Code/Cuanto-Debemos/vendor/bundle/ruby/2.1.0/specifications/activerecord-deprecated_finders-1.0.3.gemspec
I, [2014-02-22T17:58:18.743938 #19050]  INFO -- : 0:  arel (4.0.2) from /Users/luisloya/Code/Cuanto-Debemos/vendor/bundle/ruby/2.1.0/specifications/arel-4.0.2.gemspec
I, [2014-02-22T17:58:18.744149 #19050]  INFO -- : 0:  activerecord (4.0.3) from /Users/luisloya/Code/Cuanto-Debemos/vendor/bundle/ruby/2.1.0/specifications/activerecord-4.0.3.gemspec
I, [2014-02-22T17:58:18.744372 #19050]  INFO -- : 0:  bcrypt (3.1.6) from /Users/luisloya/Code/Cuanto-Debemos/vendor/bundle/ruby/2.1.0/specifications/bcrypt-3.1.6.gemspec
I, [2014-02-22T17:58:18.744595 #19050]  INFO -- : 0:  bcrypt-ruby (3.1.5) from /Users/luisloya/Code/Cuanto-Debemos/vendor/bundle/ruby/2.1.0/specifications/bcrypt-ruby-3.1.5.gemspec
I, [2014-02-22T17:58:18.744805 #19050]  INFO -- : 0:  sass (3.2.14) from /Users/luisloya/Code/Cuanto-Debemos/vendor/bundle/ruby/2.1.0/specifications/sass-3.2.14.gemspec
I, [2014-02-22T17:58:18.745019 #19050]  INFO -- : 0:  bootstrap-sass (3.0.3.0) from /Users/luisloya/Code/Cuanto-Debemos/vendor/bundle/ruby/2.1.0/specifications/bootstrap-sass-3.0.3.0.gemspec
I, [2014-02-22T17:58:18.745227 #19050]  INFO -- : 0:  mini_portile (0.5.2) from /Users/luisloya/Code/Cuanto-Debemos/vendor/bundle/ruby/2.1.0/specifications/mini_portile-0.5.2.gemspec
I, [2014-02-22T17:58:18.745431 #19050]  INFO -- : 0:  nokogiri (1.6.1) from /Users/luisloya/Code/Cuanto-Debemos/vendor/bundle/ruby/2.1.0/specifications/nokogiri-1.6.1.gemspec
I, [2014-02-22T17:58:18.745652 #19050]  INFO -- : 0:  xpath (2.0.0) from /Users/luisloya/Code/Cuanto-Debemos/vendor/bundle/ruby/2.1.0/specifications/xpath-2.0.0.gemspec
I, [2014-02-22T17:58:18.745860 #19050]  INFO -- : 0:  capybara (2.2.1) from /Users/luisloya/Code/Cuanto-Debemos/vendor/bundle/ruby/2.1.0/specifications/capybara-2.2.1.gemspec
I, [2014-02-22T17:58:18.746067 #19050]  INFO -- : 0:  coffee-script-source (1.7.0) from /Users/luisloya/Code/Cuanto-Debemos/vendor/bundle/ruby/2.1.0/specifications/coffee-script-source-1.7.0.gemspec
I, [2014-02-22T17:58:18.746293 #19050]  INFO -- : 0:  execjs (2.0.2) from /Users/luisloya/Code/Cuanto-Debemos/vendor/bundle/ruby/2.1.0/specifications/execjs-2.0.2.gemspec
I, [2014-02-22T17:58:18.746507 #19050]  INFO -- : 0:  coffee-script (2.2.0) from /Users/luisloya/Code/Cuanto-Debemos/vendor/bundle/ruby/2.1.0/specifications/coffee-script-2.2.0.gemspec
I, [2014-02-22T17:58:18.746726 #19050]  INFO -- : 0:  thor (0.18.1) from /Users/luisloya/Code/Cuanto-Debemos/vendor/bundle/ruby/2.1.0/specifications/thor-0.18.1.gemspec
I, [2014-02-22T17:58:18.746930 #19050]  INFO -- : 0:  railties (4.0.3) from /Users/luisloya/Code/Cuanto-Debemos/vendor/bundle/ruby/2.1.0/specifications/railties-4.0.3.gemspec
I, [2014-02-22T17:58:18.747143 #19050]  INFO -- : 0:  coffee-rails (4.0.1) from /Users/luisloya/Code/Cuanto-Debemos/vendor/bundle/ruby/2.1.0/specifications/coffee-rails-4.0.1.gemspec
I, [2014-02-22T17:58:18.747352 #19050]  INFO -- : 0:  diff-lcs (1.2.5) from /Users/luisloya/Code/Cuanto-Debemos/vendor/bundle/ruby/2.1.0/specifications/diff-lcs-1.2.5.gemspec
I, [2014-02-22T17:58:18.747545 #19050]  INFO -- : 0:  bundler (1.5.1) from /Users/luisloya/.rvm/gems/ruby-2.1.0@global/gems/bundler-1.5.1/lib/bundler/source
I, [2014-02-22T17:58:18.747751 #19050]  INFO -- : 0:  hike (1.2.3) from /Users/luisloya/Code/Cuanto-Debemos/vendor/bundle/ruby/2.1.0/specifications/hike-1.2.3.gemspec
I, [2014-02-22T17:58:18.749163 #19050]  INFO -- : 0:  tilt (1.4.1) from /Users/luisloya/Code/Cuanto-Debemos/vendor/bundle/ruby/2.1.0/specifications/tilt-1.4.1.gemspec
I, [2014-02-22T17:58:18.749420 #19050]  INFO -- : 0:  sprockets (2.11.0) from /Users/luisloya/Code/Cuanto-Debemos/vendor/bundle/ruby/2.1.0/specifications/sprockets-2.11.0.gemspec
I, [2014-02-22T17:58:18.749649 #19050]  INFO -- : 0:  sprockets-rails (2.0.1) from /Users/luisloya/Code/Cuanto-Debemos/vendor/bundle/ruby/2.1.0/specifications/sprockets-rails-2.0.1.gemspec
I, [2014-02-22T17:58:18.749866 #19050]  INFO -- : 0:  rails (4.0.3) from /Users/luisloya/Code/Cuanto-Debemos/vendor/bundle/ruby/2.1.0/specifications/rails-4.0.3.gemspec
I, [2014-02-22T17:58:18.750097 #19050]  INFO -- : 0:  figaro (0.7.0) from /Users/luisloya/Code/Cuanto-Debemos/vendor/bundle/ruby/2.1.0/specifications/figaro-0.7.0.gemspec
I, [2014-02-22T17:58:18.750325 #19050]  INFO -- : 0:  sass-rails (4.0.1) from /Users/luisloya/Code/Cuanto-Debemos/vendor/bundle/ruby/2.1.0/specifications/sass-rails-4.0.1.gemspec
I, [2014-02-22T17:58:18.750550 #19050]  INFO -- : 0:  font-awesome-sass (4.0.2) from /Users/luisloya/Code/Cuanto-Debemos/vendor/bundle/ruby/2.1.0/specifications/font-awesome-sass-4.0.2.gemspec
I, [2014-02-22T17:58:18.750763 #19050]  INFO -- : 0:  friendly_id (5.0.3) from /Users/luisloya/Code/Cuanto-Debemos/vendor/bundle/ruby/2.1.0/specifications/friendly_id-5.0.3.gemspec
I, [2014-02-22T17:58:18.750973 #19050]  INFO -- : 0:  jbuilder (1.5.3) from /Users/luisloya/Code/Cuanto-Debemos/vendor/bundle/ruby/2.1.0/specifications/jbuilder-1.5.3.gemspec
I, [2014-02-22T17:58:18.751203 #19050]  INFO -- : 0:  jquery-rails (3.0.4) from /Users/luisloya/Code/Cuanto-Debemos/vendor/bundle/ruby/2.1.0/specifications/jquery-rails-3.0.4.gemspec
I, [2014-02-22T17:58:18.751392 #19050]  INFO -- : 0:  json (1.8.1) from /Users/luisloya/.rvm/rubies/ruby-2.1.0/lib/ruby/gems/2.1.0/specifications/default/json-1.8.1.gemspec
I, [2014-02-22T17:58:18.751608 #19050]  INFO -- : 0:  kaminari (0.15.1) from /Users/luisloya/Code/Cuanto-Debemos/vendor/bundle/ruby/2.1.0/specifications/kaminari-0.15.1.gemspec
I, [2014-02-22T17:58:18.751819 #19050]  INFO -- : 0:  pg (0.17.1) from /Users/luisloya/Code/Cuanto-Debemos/vendor/bundle/ruby/2.1.0/specifications/pg-0.17.1.gemspec
I, [2014-02-22T17:58:18.752038 #19050]  INFO -- : 0:  rails_layout (0.5.11) from /Users/luisloya/Code/Cuanto-Debemos/vendor/bundle/ruby/2.1.0/specifications/rails_layout-0.5.11.gemspec
I, [2014-02-22T17:58:18.752256 #19050]  INFO -- : 0:  rdoc (4.1.1) from /Users/luisloya/Code/Cuanto-Debemos/vendor/bundle/ruby/2.1.0/specifications/rdoc-4.1.1.gemspec
I, [2014-02-22T17:58:18.752479 #19050]  INFO -- : 0:  rspec-core (2.14.7) from /Users/luisloya/Code/Cuanto-Debemos/vendor/bundle/ruby/2.1.0/specifications/rspec-core-2.14.7.gemspec
I, [2014-02-22T17:58:18.752714 #19050]  INFO -- : 0:  rspec-expectations (2.14.5) from /Users/luisloya/Code/Cuanto-Debemos/vendor/bundle/ruby/2.1.0/specifications/rspec-expectations-2.14.5.gemspec
I, [2014-02-22T17:58:18.752930 #19050]  INFO -- : 0:  rspec-mocks (2.14.6) from /Users/luisloya/Code/Cuanto-Debemos/vendor/bundle/ruby/2.1.0/specifications/rspec-mocks-2.14.6.gemspec
I, [2014-02-22T17:58:18.753142 #19050]  INFO -- : 0:  rspec-rails (2.14.1) from /Users/luisloya/Code/Cuanto-Debemos/vendor/bundle/ruby/2.1.0/specifications/rspec-rails-2.14.1.gemspec
I, [2014-02-22T17:58:18.753354 #19050]  INFO -- : 0:  sdoc (0.4.0) from /Users/luisloya/Code/Cuanto-Debemos/vendor/bundle/ruby/2.1.0/specifications/sdoc-0.4.0.gemspec
I, [2014-02-22T17:58:18.753574 #19050]  INFO -- : 0:  sqlite3 (1.3.8) from /Users/luisloya/Code/Cuanto-Debemos/vendor/bundle/ruby/2.1.0/specifications/sqlite3-1.3.8.gemspec
I, [2014-02-22T17:58:18.753781 #19050]  INFO -- : 0:  turbolinks (2.1.0) from /Users/luisloya/Code/Cuanto-Debemos/vendor/bundle/ruby/2.1.0/specifications/turbolinks-2.1.0.gemspec
I, [2014-02-22T17:58:18.753994 #19050]  INFO -- : 0:  uglifier (2.4.0) from /Users/luisloya/Code/Cuanto-Debemos/vendor/bundle/ruby/2.1.0/specifications/uglifier-2.4.0.gemspec
I, [2014-02-22T18:00:11.321723 #19279]  INFO -- : 0:  rake (10.1.1) from /Users/luisloya/Code/Cuanto-Debemos/vendor/bundle/ruby/2.1.0/specifications/rake-10.1.1.gemspec
I, [2014-02-22T18:00:11.322058 #19279]  INFO -- : 0:  i18n (0.6.9) from /Users/luisloya/Code/Cuanto-Debemos/vendor/bundle/ruby/2.1.0/specifications/i18n-0.6.9.gemspec
I, [2014-02-22T18:00:11.322290 #19279]  INFO -- : 0:  minitest (4.7.5) from /Users/luisloya/.rvm/rubies/ruby-2.1.0/lib/ruby/gems/2.1.0/specifications/default/minitest-4.7.5.gemspec
I, [2014-02-22T18:00:11.322523 #19279]  INFO -- : 0:  multi_json (1.8.4) from /Users/luisloya/Code/Cuanto-Debemos/vendor/bundle/ruby/2.1.0/specifications/multi_json-1.8.4.gemspec
I, [2014-02-22T18:00:11.322745 #19279]  INFO -- : 0:  atomic (1.1.14) from /Users/luisloya/Code/Cuanto-Debemos/vendor/bundle/ruby/2.1.0/specifications/atomic-1.1.14.gemspec
I, [2014-02-22T18:00:11.322969 #19279]  INFO -- : 0:  thread_safe (0.1.3) from /Users/luisloya/Code/Cuanto-Debemos/vendor/bundle/ruby/2.1.0/specifications/thread_safe-0.1.3.gemspec
I, [2014-02-22T18:00:11.323187 #19279]  INFO -- : 0:  tzinfo (0.3.38) from /Users/luisloya/Code/Cuanto-Debemos/vendor/bundle/ruby/2.1.0/specifications/tzinfo-0.3.38.gemspec
I, [2014-02-22T18:00:11.323399 #19279]  INFO -- : 0:  activesupport (4.0.3) from /Users/luisloya/Code/Cuanto-Debemos/vendor/bundle/ruby/2.1.0/specifications/activesupport-4.0.3.gemspec
I, [2014-02-22T18:00:11.323603 #19279]  INFO -- : 0:  builder (3.1.4) from /Users/luisloya/Code/Cuanto-Debemos/vendor/bundle/ruby/2.1.0/specifications/builder-3.1.4.gemspec
I, [2014-02-22T18:00:11.323823 #19279]  INFO -- : 0:  erubis (2.7.0) from /Users/luisloya/Code/Cuanto-Debemos/vendor/bundle/ruby/2.1.0/specifications/erubis-2.7.0.gemspec
I, [2014-02-22T18:00:11.324036 #19279]  INFO -- : 0:  rack (1.5.2) from /Users/luisloya/Code/Cuanto-Debemos/vendor/bundle/ruby/2.1.0/specifications/rack-1.5.2.gemspec
I, [2014-02-22T18:00:11.324251 #19279]  INFO -- : 0:  rack-test (0.6.2) from /Users/luisloya/Code/Cuanto-Debemos/vendor/bundle/ruby/2.1.0/specifications/rack-test-0.6.2.gemspec
I, [2014-02-22T18:00:11.324461 #19279]  INFO -- : 0:  actionpack (4.0.3) from /Users/luisloya/Code/Cuanto-Debemos/vendor/bundle/ruby/2.1.0/specifications/actionpack-4.0.3.gemspec
I, [2014-02-22T18:00:11.324682 #19279]  INFO -- : 0:  mime-types (1.25.1) from /Users/luisloya/Code/Cuanto-Debemos/vendor/bundle/ruby/2.1.0/specifications/mime-types-1.25.1.gemspec
I, [2014-02-22T18:00:11.324898 #19279]  INFO -- : 0:  polyglot (0.3.4) from /Users/luisloya/Code/Cuanto-Debemos/vendor/bundle/ruby/2.1.0/specifications/polyglot-0.3.4.gemspec
I, [2014-02-22T18:00:11.325135 #19279]  INFO -- : 0:  treetop (1.4.15) from /Users/luisloya/Code/Cuanto-Debemos/vendor/bundle/ruby/2.1.0/specifications/treetop-1.4.15.gemspec
I, [2014-02-22T18:00:11.325351 #19279]  INFO -- : 0:  mail (2.5.4) from /Users/luisloya/Code/Cuanto-Debemos/vendor/bundle/ruby/2.1.0/specifications/mail-2.5.4.gemspec
I, [2014-02-22T18:00:11.325568 #19279]  INFO -- : 0:  actionmailer (4.0.3) from /Users/luisloya/Code/Cuanto-Debemos/vendor/bundle/ruby/2.1.0/specifications/actionmailer-4.0.3.gemspec
I, [2014-02-22T18:00:11.325781 #19279]  INFO -- : 0:  activemodel (4.0.3) from /Users/luisloya/Code/Cuanto-Debemos/vendor/bundle/ruby/2.1.0/specifications/activemodel-4.0.3.gemspec
I, [2014-02-22T18:00:11.325994 #19279]  INFO -- : 0:  activerecord-deprecated_finders (1.0.3) from /Users/luisloya/Code/Cuanto-Debemos/vendor/bundle/ruby/2.1.0/specifications/activerecord-deprecated_finders-1.0.3.gemspec
I, [2014-02-22T18:00:11.326207 #19279]  INFO -- : 0:  arel (4.0.2) from /Users/luisloya/Code/Cuanto-Debemos/vendor/bundle/ruby/2.1.0/specifications/arel-4.0.2.gemspec
I, [2014-02-22T18:00:11.326448 #19279]  INFO -- : 0:  activerecord (4.0.3) from /Users/luisloya/Code/Cuanto-Debemos/vendor/bundle/ruby/2.1.0/specifications/activerecord-4.0.3.gemspec
I, [2014-02-22T18:00:11.326670 #19279]  INFO -- : 0:  bcrypt (3.1.6) from /Users/luisloya/Code/Cuanto-Debemos/vendor/bundle/ruby/2.1.0/specifications/bcrypt-3.1.6.gemspec
I, [2014-02-22T18:00:11.326898 #19279]  INFO -- : 0:  bcrypt-ruby (3.1.5) from /Users/luisloya/Code/Cuanto-Debemos/vendor/bundle/ruby/2.1.0/specifications/bcrypt-ruby-3.1.5.gemspec
I, [2014-02-22T18:00:11.327104 #19279]  INFO -- : 0:  sass (3.2.14) from /Users/luisloya/Code/Cuanto-Debemos/vendor/bundle/ruby/2.1.0/specifications/sass-3.2.14.gemspec
I, [2014-02-22T18:00:11.327317 #19279]  INFO -- : 0:  bootstrap-sass (3.0.3.0) from /Users/luisloya/Code/Cuanto-Debemos/vendor/bundle/ruby/2.1.0/specifications/bootstrap-sass-3.0.3.0.gemspec
I, [2014-02-22T18:00:11.327525 #19279]  INFO -- : 0:  mini_portile (0.5.2) from /Users/luisloya/Code/Cuanto-Debemos/vendor/bundle/ruby/2.1.0/specifications/mini_portile-0.5.2.gemspec
I, [2014-02-22T18:00:11.327727 #19279]  INFO -- : 0:  nokogiri (1.6.1) from /Users/luisloya/Code/Cuanto-Debemos/vendor/bundle/ruby/2.1.0/specifications/nokogiri-1.6.1.gemspec
I, [2014-02-22T18:00:11.327947 #19279]  INFO -- : 0:  xpath (2.0.0) from /Users/luisloya/Code/Cuanto-Debemos/vendor/bundle/ruby/2.1.0/specifications/xpath-2.0.0.gemspec
I, [2014-02-22T18:00:11.328155 #19279]  INFO -- : 0:  capybara (2.2.1) from /Users/luisloya/Code/Cuanto-Debemos/vendor/bundle/ruby/2.1.0/specifications/capybara-2.2.1.gemspec
I, [2014-02-22T18:00:11.328362 #19279]  INFO -- : 0:  coffee-script-source (1.7.0) from /Users/luisloya/Code/Cuanto-Debemos/vendor/bundle/ruby/2.1.0/specifications/coffee-script-source-1.7.0.gemspec
I, [2014-02-22T18:00:11.328578 #19279]  INFO -- : 0:  execjs (2.0.2) from /Users/luisloya/Code/Cuanto-Debemos/vendor/bundle/ruby/2.1.0/specifications/execjs-2.0.2.gemspec
I, [2014-02-22T18:00:11.328790 #19279]  INFO -- : 0:  coffee-script (2.2.0) from /Users/luisloya/Code/Cuanto-Debemos/vendor/bundle/ruby/2.1.0/specifications/coffee-script-2.2.0.gemspec
I, [2014-02-22T18:00:11.329010 #19279]  INFO -- : 0:  thor (0.18.1) from /Users/luisloya/Code/Cuanto-Debemos/vendor/bundle/ruby/2.1.0/specifications/thor-0.18.1.gemspec
I, [2014-02-22T18:00:11.329213 #19279]  INFO -- : 0:  railties (4.0.3) from /Users/luisloya/Code/Cuanto-Debemos/vendor/bundle/ruby/2.1.0/specifications/railties-4.0.3.gemspec
I, [2014-02-22T18:00:11.329425 #19279]  INFO -- : 0:  coffee-rails (4.0.1) from /Users/luisloya/Code/Cuanto-Debemos/vendor/bundle/ruby/2.1.0/specifications/coffee-rails-4.0.1.gemspec
I, [2014-02-22T18:00:11.329634 #19279]  INFO -- : 0:  diff-lcs (1.2.5) from /Users/luisloya/Code/Cuanto-Debemos/vendor/bundle/ruby/2.1.0/specifications/diff-lcs-1.2.5.gemspec
I, [2014-02-22T18:00:11.329828 #19279]  INFO -- : 0:  bundler (1.5.1) from /Users/luisloya/.rvm/gems/ruby-2.1.0@global/gems/bundler-1.5.1/lib/bundler/source
I, [2014-02-22T18:00:11.330043 #19279]  INFO -- : 0:  hike (1.2.3) from /Users/luisloya/Code/Cuanto-Debemos/vendor/bundle/ruby/2.1.0/specifications/hike-1.2.3.gemspec
I, [2014-02-22T18:00:11.331552 #19279]  INFO -- : 0:  tilt (1.4.1) from /Users/luisloya/Code/Cuanto-Debemos/vendor/bundle/ruby/2.1.0/specifications/tilt-1.4.1.gemspec
I, [2014-02-22T18:00:11.331816 #19279]  INFO -- : 0:  sprockets (2.11.0) from /Users/luisloya/Code/Cuanto-Debemos/vendor/bundle/ruby/2.1.0/specifications/sprockets-2.11.0.gemspec
I, [2014-02-22T18:00:11.332042 #19279]  INFO -- : 0:  sprockets-rails (2.0.1) from /Users/luisloya/Code/Cuanto-Debemos/vendor/bundle/ruby/2.1.0/specifications/sprockets-rails-2.0.1.gemspec
I, [2014-02-22T18:00:11.332250 #19279]  INFO -- : 0:  rails (4.0.3) from /Users/luisloya/Code/Cuanto-Debemos/vendor/bundle/ruby/2.1.0/specifications/rails-4.0.3.gemspec
I, [2014-02-22T18:00:11.332458 #19279]  INFO -- : 0:  figaro (0.7.0) from /Users/luisloya/Code/Cuanto-Debemos/vendor/bundle/ruby/2.1.0/specifications/figaro-0.7.0.gemspec
I, [2014-02-22T18:00:11.332694 #19279]  INFO -- : 0:  sass-rails (4.0.1) from /Users/luisloya/Code/Cuanto-Debemos/vendor/bundle/ruby/2.1.0/specifications/sass-rails-4.0.1.gemspec
I, [2014-02-22T18:00:11.332910 #19279]  INFO -- : 0:  font-awesome-sass (4.0.2) from /Users/luisloya/Code/Cuanto-Debemos/vendor/bundle/ruby/2.1.0/specifications/font-awesome-sass-4.0.2.gemspec
I, [2014-02-22T18:00:11.333124 #19279]  INFO -- : 0:  friendly_id (5.0.3) from /Users/luisloya/Code/Cuanto-Debemos/vendor/bundle/ruby/2.1.0/specifications/friendly_id-5.0.3.gemspec
I, [2014-02-22T18:00:11.333336 #19279]  INFO -- : 0:  jbuilder (1.5.3) from /Users/luisloya/Code/Cuanto-Debemos/vendor/bundle/ruby/2.1.0/specifications/jbuilder-1.5.3.gemspec
I, [2014-02-22T18:00:11.333567 #19279]  INFO -- : 0:  jquery-rails (3.0.4) from /Users/luisloya/Code/Cuanto-Debemos/vendor/bundle/ruby/2.1.0/specifications/jquery-rails-3.0.4.gemspec
I, [2014-02-22T18:00:11.333762 #19279]  INFO -- : 0:  json (1.8.1) from /Users/luisloya/.rvm/rubies/ruby-2.1.0/lib/ruby/gems/2.1.0/specifications/default/json-1.8.1.gemspec
I, [2014-02-22T18:00:11.333974 #19279]  INFO -- : 0:  kaminari (0.15.1) from /Users/luisloya/Code/Cuanto-Debemos/vendor/bundle/ruby/2.1.0/specifications/kaminari-0.15.1.gemspec
I, [2014-02-22T18:00:11.334188 #19279]  INFO -- : 0:  pg (0.17.1) from /Users/luisloya/Code/Cuanto-Debemos/vendor/bundle/ruby/2.1.0/specifications/pg-0.17.1.gemspec
I, [2014-02-22T18:00:11.334405 #19279]  INFO -- : 0:  rails_layout (0.5.11) from /Users/luisloya/Code/Cuanto-Debemos/vendor/bundle/ruby/2.1.0/specifications/rails_layout-0.5.11.gemspec
I, [2014-02-22T18:00:11.334617 #19279]  INFO -- : 0:  rdoc (4.1.1) from /Users/luisloya/Code/Cuanto-Debemos/vendor/bundle/ruby/2.1.0/specifications/rdoc-4.1.1.gemspec
I, [2014-02-22T18:00:11.334828 #19279]  INFO -- : 0:  rspec-core (2.14.7) from /Users/luisloya/Code/Cuanto-Debemos/vendor/bundle/ruby/2.1.0/specifications/rspec-core-2.14.7.gemspec
I, [2014-02-22T18:00:11.335059 #19279]  INFO -- : 0:  rspec-expectations (2.14.5) from /Users/luisloya/Code/Cuanto-Debemos/vendor/bundle/ruby/2.1.0/specifications/rspec-expectations-2.14.5.gemspec
I, [2014-02-22T18:00:11.335273 #19279]  INFO -- : 0:  rspec-mocks (2.14.6) from /Users/luisloya/Code/Cuanto-Debemos/vendor/bundle/ruby/2.1.0/specifications/rspec-mocks-2.14.6.gemspec
I, [2014-02-22T18:00:11.335487 #19279]  INFO -- : 0:  rspec-rails (2.14.1) from /Users/luisloya/Code/Cuanto-Debemos/vendor/bundle/ruby/2.1.0/specifications/rspec-rails-2.14.1.gemspec
I, [2014-02-22T18:00:11.335694 #19279]  INFO -- : 0:  sdoc (0.4.0) from /Users/luisloya/Code/Cuanto-Debemos/vendor/bundle/ruby/2.1.0/specifications/sdoc-0.4.0.gemspec
I, [2014-02-22T18:00:11.335919 #19279]  INFO -- : 0:  sqlite3 (1.3.8) from /Users/luisloya/Code/Cuanto-Debemos/vendor/bundle/ruby/2.1.0/specifications/sqlite3-1.3.8.gemspec
I, [2014-02-22T18:00:11.336122 #19279]  INFO -- : 0:  turbolinks (2.1.0) from /Users/luisloya/Code/Cuanto-Debemos/vendor/bundle/ruby/2.1.0/specifications/turbolinks-2.1.0.gemspec
I, [2014-02-22T18:00:11.336354 #19279]  INFO -- : 0:  uglifier (2.4.0) from /Users/luisloya/Code/Cuanto-Debemos/vendor/bundle/ruby/2.1.0/specifications/uglifier-2.4.0.gemspec
<<<<<<< Updated upstream
I, [2014-02-23T09:49:26.072502 #29587]  INFO -- : 0:  rake (10.1.1) from /Users/luisloya/Code/Cuanto-Debemos/vendor/bundle/ruby/2.1.0/specifications/rake-10.1.1.gemspec
I, [2014-02-23T09:49:26.072826 #29587]  INFO -- : 0:  i18n (0.6.9) from /Users/luisloya/Code/Cuanto-Debemos/vendor/bundle/ruby/2.1.0/specifications/i18n-0.6.9.gemspec
I, [2014-02-23T09:49:26.073077 #29587]  INFO -- : 0:  minitest (4.7.5) from /Users/luisloya/.rvm/rubies/ruby-2.1.0/lib/ruby/gems/2.1.0/specifications/default/minitest-4.7.5.gemspec
I, [2014-02-23T09:49:26.073406 #29587]  INFO -- : 0:  multi_json (1.8.4) from /Users/luisloya/Code/Cuanto-Debemos/vendor/bundle/ruby/2.1.0/specifications/multi_json-1.8.4.gemspec
I, [2014-02-23T09:49:26.073711 #29587]  INFO -- : 0:  atomic (1.1.14) from /Users/luisloya/Code/Cuanto-Debemos/vendor/bundle/ruby/2.1.0/specifications/atomic-1.1.14.gemspec
I, [2014-02-23T09:49:26.073970 #29587]  INFO -- : 0:  thread_safe (0.1.3) from /Users/luisloya/Code/Cuanto-Debemos/vendor/bundle/ruby/2.1.0/specifications/thread_safe-0.1.3.gemspec
I, [2014-02-23T09:49:26.074234 #29587]  INFO -- : 0:  tzinfo (0.3.38) from /Users/luisloya/Code/Cuanto-Debemos/vendor/bundle/ruby/2.1.0/specifications/tzinfo-0.3.38.gemspec
I, [2014-02-23T09:49:26.074492 #29587]  INFO -- : 0:  activesupport (4.0.3) from /Users/luisloya/Code/Cuanto-Debemos/vendor/bundle/ruby/2.1.0/specifications/activesupport-4.0.3.gemspec
I, [2014-02-23T09:49:26.074752 #29587]  INFO -- : 0:  builder (3.1.4) from /Users/luisloya/Code/Cuanto-Debemos/vendor/bundle/ruby/2.1.0/specifications/builder-3.1.4.gemspec
I, [2014-02-23T09:49:26.074991 #29587]  INFO -- : 0:  erubis (2.7.0) from /Users/luisloya/Code/Cuanto-Debemos/vendor/bundle/ruby/2.1.0/specifications/erubis-2.7.0.gemspec
I, [2014-02-23T09:49:26.075230 #29587]  INFO -- : 0:  rack (1.5.2) from /Users/luisloya/Code/Cuanto-Debemos/vendor/bundle/ruby/2.1.0/specifications/rack-1.5.2.gemspec
I, [2014-02-23T09:49:26.075473 #29587]  INFO -- : 0:  rack-test (0.6.2) from /Users/luisloya/Code/Cuanto-Debemos/vendor/bundle/ruby/2.1.0/specifications/rack-test-0.6.2.gemspec
I, [2014-02-23T09:49:26.075717 #29587]  INFO -- : 0:  actionpack (4.0.3) from /Users/luisloya/Code/Cuanto-Debemos/vendor/bundle/ruby/2.1.0/specifications/actionpack-4.0.3.gemspec
I, [2014-02-23T09:49:26.075961 #29587]  INFO -- : 0:  mime-types (1.25.1) from /Users/luisloya/Code/Cuanto-Debemos/vendor/bundle/ruby/2.1.0/specifications/mime-types-1.25.1.gemspec
I, [2014-02-23T09:49:26.076197 #29587]  INFO -- : 0:  polyglot (0.3.4) from /Users/luisloya/Code/Cuanto-Debemos/vendor/bundle/ruby/2.1.0/specifications/polyglot-0.3.4.gemspec
I, [2014-02-23T09:49:26.076433 #29587]  INFO -- : 0:  treetop (1.4.15) from /Users/luisloya/Code/Cuanto-Debemos/vendor/bundle/ruby/2.1.0/specifications/treetop-1.4.15.gemspec
I, [2014-02-23T09:49:26.076674 #29587]  INFO -- : 0:  mail (2.5.4) from /Users/luisloya/Code/Cuanto-Debemos/vendor/bundle/ruby/2.1.0/specifications/mail-2.5.4.gemspec
I, [2014-02-23T09:49:26.076913 #29587]  INFO -- : 0:  actionmailer (4.0.3) from /Users/luisloya/Code/Cuanto-Debemos/vendor/bundle/ruby/2.1.0/specifications/actionmailer-4.0.3.gemspec
I, [2014-02-23T09:49:26.077154 #29587]  INFO -- : 0:  activemodel (4.0.3) from /Users/luisloya/Code/Cuanto-Debemos/vendor/bundle/ruby/2.1.0/specifications/activemodel-4.0.3.gemspec
I, [2014-02-23T09:49:26.077394 #29587]  INFO -- : 0:  activerecord-deprecated_finders (1.0.3) from /Users/luisloya/Code/Cuanto-Debemos/vendor/bundle/ruby/2.1.0/specifications/activerecord-deprecated_finders-1.0.3.gemspec
I, [2014-02-23T09:49:26.077639 #29587]  INFO -- : 0:  arel (4.0.2) from /Users/luisloya/Code/Cuanto-Debemos/vendor/bundle/ruby/2.1.0/specifications/arel-4.0.2.gemspec
I, [2014-02-23T09:49:26.077883 #29587]  INFO -- : 0:  activerecord (4.0.3) from /Users/luisloya/Code/Cuanto-Debemos/vendor/bundle/ruby/2.1.0/specifications/activerecord-4.0.3.gemspec
I, [2014-02-23T09:49:26.078236 #29587]  INFO -- : 0:  bcrypt (3.1.6) from /Users/luisloya/Code/Cuanto-Debemos/vendor/bundle/ruby/2.1.0/specifications/bcrypt-3.1.6.gemspec
I, [2014-02-23T09:49:26.078494 #29587]  INFO -- : 0:  sass (3.2.14) from /Users/luisloya/Code/Cuanto-Debemos/vendor/bundle/ruby/2.1.0/specifications/sass-3.2.14.gemspec
I, [2014-02-23T09:49:26.078739 #29587]  INFO -- : 0:  bootstrap-sass (3.0.3.0) from /Users/luisloya/Code/Cuanto-Debemos/vendor/bundle/ruby/2.1.0/specifications/bootstrap-sass-3.0.3.0.gemspec
I, [2014-02-23T09:49:26.078985 #29587]  INFO -- : 0:  mini_portile (0.5.2) from /Users/luisloya/Code/Cuanto-Debemos/vendor/bundle/ruby/2.1.0/specifications/mini_portile-0.5.2.gemspec
I, [2014-02-23T09:49:26.079245 #29587]  INFO -- : 0:  nokogiri (1.6.1) from /Users/luisloya/Code/Cuanto-Debemos/vendor/bundle/ruby/2.1.0/specifications/nokogiri-1.6.1.gemspec
I, [2014-02-23T09:49:26.079549 #29587]  INFO -- : 0:  xpath (2.0.0) from /Users/luisloya/Code/Cuanto-Debemos/vendor/bundle/ruby/2.1.0/specifications/xpath-2.0.0.gemspec
I, [2014-02-23T09:49:26.079810 #29587]  INFO -- : 0:  capybara (2.2.1) from /Users/luisloya/Code/Cuanto-Debemos/vendor/bundle/ruby/2.1.0/specifications/capybara-2.2.1.gemspec
I, [2014-02-23T09:49:26.080074 #29587]  INFO -- : 0:  coffee-script-source (1.7.0) from /Users/luisloya/Code/Cuanto-Debemos/vendor/bundle/ruby/2.1.0/specifications/coffee-script-source-1.7.0.gemspec
I, [2014-02-23T09:49:26.080337 #29587]  INFO -- : 0:  execjs (2.0.2) from /Users/luisloya/Code/Cuanto-Debemos/vendor/bundle/ruby/2.1.0/specifications/execjs-2.0.2.gemspec
I, [2014-02-23T09:49:26.080572 #29587]  INFO -- : 0:  coffee-script (2.2.0) from /Users/luisloya/Code/Cuanto-Debemos/vendor/bundle/ruby/2.1.0/specifications/coffee-script-2.2.0.gemspec
I, [2014-02-23T09:49:26.080814 #29587]  INFO -- : 0:  thor (0.18.1) from /Users/luisloya/Code/Cuanto-Debemos/vendor/bundle/ruby/2.1.0/specifications/thor-0.18.1.gemspec
I, [2014-02-23T09:49:26.081051 #29587]  INFO -- : 0:  railties (4.0.3) from /Users/luisloya/Code/Cuanto-Debemos/vendor/bundle/ruby/2.1.0/specifications/railties-4.0.3.gemspec
I, [2014-02-23T09:49:26.081291 #29587]  INFO -- : 0:  coffee-rails (4.0.1) from /Users/luisloya/Code/Cuanto-Debemos/vendor/bundle/ruby/2.1.0/specifications/coffee-rails-4.0.1.gemspec
I, [2014-02-23T09:49:26.081529 #29587]  INFO -- : 0:  diff-lcs (1.2.5) from /Users/luisloya/Code/Cuanto-Debemos/vendor/bundle/ruby/2.1.0/specifications/diff-lcs-1.2.5.gemspec
I, [2014-02-23T09:49:26.081751 #29587]  INFO -- : 0:  bundler (1.5.1) from /Users/luisloya/.rvm/gems/ruby-2.1.0@global/gems/bundler-1.5.1/lib/bundler/source
I, [2014-02-23T09:49:26.082012 #29587]  INFO -- : 0:  hike (1.2.3) from /Users/luisloya/Code/Cuanto-Debemos/vendor/bundle/ruby/2.1.0/specifications/hike-1.2.3.gemspec
I, [2014-02-23T09:49:26.082257 #29587]  INFO -- : 0:  tilt (1.4.1) from /Users/luisloya/Code/Cuanto-Debemos/vendor/bundle/ruby/2.1.0/specifications/tilt-1.4.1.gemspec
I, [2014-02-23T09:49:26.082495 #29587]  INFO -- : 0:  sprockets (2.11.0) from /Users/luisloya/Code/Cuanto-Debemos/vendor/bundle/ruby/2.1.0/specifications/sprockets-2.11.0.gemspec
I, [2014-02-23T09:49:26.082736 #29587]  INFO -- : 0:  sprockets-rails (2.0.1) from /Users/luisloya/Code/Cuanto-Debemos/vendor/bundle/ruby/2.1.0/specifications/sprockets-rails-2.0.1.gemspec
I, [2014-02-23T09:49:26.082970 #29587]  INFO -- : 0:  rails (4.0.3) from /Users/luisloya/Code/Cuanto-Debemos/vendor/bundle/ruby/2.1.0/specifications/rails-4.0.3.gemspec
I, [2014-02-23T09:49:26.083206 #29587]  INFO -- : 0:  figaro (0.7.0) from /Users/luisloya/Code/Cuanto-Debemos/vendor/bundle/ruby/2.1.0/specifications/figaro-0.7.0.gemspec
I, [2014-02-23T09:49:26.083442 #29587]  INFO -- : 0:  sass-rails (4.0.1) from /Users/luisloya/Code/Cuanto-Debemos/vendor/bundle/ruby/2.1.0/specifications/sass-rails-4.0.1.gemspec
I, [2014-02-23T09:49:26.083687 #29587]  INFO -- : 0:  font-awesome-sass (4.0.2) from /Users/luisloya/Code/Cuanto-Debemos/vendor/bundle/ruby/2.1.0/specifications/font-awesome-sass-4.0.2.gemspec
I, [2014-02-23T09:49:26.083918 #29587]  INFO -- : 0:  friendly_id (5.0.3) from /Users/luisloya/Code/Cuanto-Debemos/vendor/bundle/ruby/2.1.0/specifications/friendly_id-5.0.3.gemspec
I, [2014-02-23T09:49:26.084180 #29587]  INFO -- : 0:  jbuilder (1.5.3) from /Users/luisloya/Code/Cuanto-Debemos/vendor/bundle/ruby/2.1.0/specifications/jbuilder-1.5.3.gemspec
I, [2014-02-23T09:49:26.084448 #29587]  INFO -- : 0:  jquery-rails (3.0.4) from /Users/luisloya/Code/Cuanto-Debemos/vendor/bundle/ruby/2.1.0/specifications/jquery-rails-3.0.4.gemspec
I, [2014-02-23T09:49:26.084719 #29587]  INFO -- : 0:  turbolinks (2.1.0) from /Users/luisloya/Code/Cuanto-Debemos/vendor/bundle/ruby/2.1.0/specifications/turbolinks-2.1.0.gemspec
I, [2014-02-23T09:49:26.084966 #29587]  INFO -- : 0:  jquery-turbolinks (2.0.2) from /Users/luisloya/Code/Cuanto-Debemos/vendor/bundle/ruby/2.1.0/specifications/jquery-turbolinks-2.0.2.gemspec
I, [2014-02-23T09:49:27.931807 #29587]  INFO -- : 0:  jqvmap-rails (2.1.2.2) from /Users/luisloya/Code/Cuanto-Debemos/vendor/bundle/ruby/2.1.0/specifications/jqvmap-rails-2.1.2.2.gemspec
I, [2014-02-23T09:49:27.932151 #29587]  INFO -- : 0:  json (1.8.1) from /Users/luisloya/.rvm/rubies/ruby-2.1.0/lib/ruby/gems/2.1.0/specifications/default/json-1.8.1.gemspec
I, [2014-02-23T09:49:27.932419 #29587]  INFO -- : 0:  kaminari (0.15.1) from /Users/luisloya/Code/Cuanto-Debemos/vendor/bundle/ruby/2.1.0/specifications/kaminari-0.15.1.gemspec
I, [2014-02-23T09:49:27.932684 #29587]  INFO -- : 0:  pg (0.17.1) from /Users/luisloya/Code/Cuanto-Debemos/vendor/bundle/ruby/2.1.0/specifications/pg-0.17.1.gemspec
I, [2014-02-23T09:49:27.932950 #29587]  INFO -- : 0:  rails_layout (0.5.11) from /Users/luisloya/Code/Cuanto-Debemos/vendor/bundle/ruby/2.1.0/specifications/rails_layout-0.5.11.gemspec
I, [2014-02-23T09:49:27.933221 #29587]  INFO -- : 0:  rdoc (4.1.1) from /Users/luisloya/Code/Cuanto-Debemos/vendor/bundle/ruby/2.1.0/specifications/rdoc-4.1.1.gemspec
I, [2014-02-23T09:49:27.933471 #29587]  INFO -- : 0:  rspec-core (2.14.7) from /Users/luisloya/Code/Cuanto-Debemos/vendor/bundle/ruby/2.1.0/specifications/rspec-core-2.14.7.gemspec
I, [2014-02-23T09:49:27.933726 #29587]  INFO -- : 0:  rspec-expectations (2.14.5) from /Users/luisloya/Code/Cuanto-Debemos/vendor/bundle/ruby/2.1.0/specifications/rspec-expectations-2.14.5.gemspec
I, [2014-02-23T09:49:27.933977 #29587]  INFO -- : 0:  rspec-mocks (2.14.6) from /Users/luisloya/Code/Cuanto-Debemos/vendor/bundle/ruby/2.1.0/specifications/rspec-mocks-2.14.6.gemspec
I, [2014-02-23T09:49:27.934222 #29587]  INFO -- : 0:  rspec-rails (2.14.1) from /Users/luisloya/Code/Cuanto-Debemos/vendor/bundle/ruby/2.1.0/specifications/rspec-rails-2.14.1.gemspec
I, [2014-02-23T09:49:27.934467 #29587]  INFO -- : 0:  sdoc (0.4.0) from /Users/luisloya/Code/Cuanto-Debemos/vendor/bundle/ruby/2.1.0/specifications/sdoc-0.4.0.gemspec
I, [2014-02-23T09:49:27.934712 #29587]  INFO -- : 0:  sqlite3 (1.3.8) from /Users/luisloya/Code/Cuanto-Debemos/vendor/bundle/ruby/2.1.0/specifications/sqlite3-1.3.8.gemspec
I, [2014-02-23T09:49:27.934956 #29587]  INFO -- : 0:  uglifier (2.4.0) from /Users/luisloya/Code/Cuanto-Debemos/vendor/bundle/ruby/2.1.0/specifications/uglifier-2.4.0.gemspec
=======
I, [2014-02-23T09:01:57.322986 #28895]  INFO -- : 0:  rake (10.1.1) from /Users/luisloya/Code/Cuanto-Debemos/vendor/bundle/ruby/2.1.0/specifications/rake-10.1.1.gemspec
I, [2014-02-23T09:01:57.323672 #28895]  INFO -- : 0:  i18n (0.6.9) from /Users/luisloya/Code/Cuanto-Debemos/vendor/bundle/ruby/2.1.0/specifications/i18n-0.6.9.gemspec
I, [2014-02-23T09:01:57.324110 #28895]  INFO -- : 0:  minitest (4.7.5) from /Users/luisloya/.rvm/rubies/ruby-2.1.0/lib/ruby/gems/2.1.0/specifications/default/minitest-4.7.5.gemspec
I, [2014-02-23T09:01:57.324584 #28895]  INFO -- : 0:  multi_json (1.8.4) from /Users/luisloya/Code/Cuanto-Debemos/vendor/bundle/ruby/2.1.0/specifications/multi_json-1.8.4.gemspec
I, [2014-02-23T09:01:57.325026 #28895]  INFO -- : 0:  atomic (1.1.14) from /Users/luisloya/Code/Cuanto-Debemos/vendor/bundle/ruby/2.1.0/specifications/atomic-1.1.14.gemspec
I, [2014-02-23T09:01:57.325503 #28895]  INFO -- : 0:  thread_safe (0.1.3) from /Users/luisloya/Code/Cuanto-Debemos/vendor/bundle/ruby/2.1.0/specifications/thread_safe-0.1.3.gemspec
I, [2014-02-23T09:01:57.326015 #28895]  INFO -- : 0:  tzinfo (0.3.38) from /Users/luisloya/Code/Cuanto-Debemos/vendor/bundle/ruby/2.1.0/specifications/tzinfo-0.3.38.gemspec
I, [2014-02-23T09:01:57.326501 #28895]  INFO -- : 0:  activesupport (4.0.3) from /Users/luisloya/Code/Cuanto-Debemos/vendor/bundle/ruby/2.1.0/specifications/activesupport-4.0.3.gemspec
I, [2014-02-23T09:01:57.327004 #28895]  INFO -- : 0:  builder (3.1.4) from /Users/luisloya/Code/Cuanto-Debemos/vendor/bundle/ruby/2.1.0/specifications/builder-3.1.4.gemspec
I, [2014-02-23T09:01:57.327539 #28895]  INFO -- : 0:  erubis (2.7.0) from /Users/luisloya/Code/Cuanto-Debemos/vendor/bundle/ruby/2.1.0/specifications/erubis-2.7.0.gemspec
I, [2014-02-23T09:01:57.328021 #28895]  INFO -- : 0:  rack (1.5.2) from /Users/luisloya/Code/Cuanto-Debemos/vendor/bundle/ruby/2.1.0/specifications/rack-1.5.2.gemspec
I, [2014-02-23T09:01:57.328514 #28895]  INFO -- : 0:  rack-test (0.6.2) from /Users/luisloya/Code/Cuanto-Debemos/vendor/bundle/ruby/2.1.0/specifications/rack-test-0.6.2.gemspec
I, [2014-02-23T09:01:57.329022 #28895]  INFO -- : 0:  actionpack (4.0.3) from /Users/luisloya/Code/Cuanto-Debemos/vendor/bundle/ruby/2.1.0/specifications/actionpack-4.0.3.gemspec
I, [2014-02-23T09:01:57.329518 #28895]  INFO -- : 0:  mime-types (1.25.1) from /Users/luisloya/Code/Cuanto-Debemos/vendor/bundle/ruby/2.1.0/specifications/mime-types-1.25.1.gemspec
I, [2014-02-23T09:01:57.330027 #28895]  INFO -- : 0:  polyglot (0.3.4) from /Users/luisloya/Code/Cuanto-Debemos/vendor/bundle/ruby/2.1.0/specifications/polyglot-0.3.4.gemspec
I, [2014-02-23T09:01:57.330493 #28895]  INFO -- : 0:  treetop (1.4.15) from /Users/luisloya/Code/Cuanto-Debemos/vendor/bundle/ruby/2.1.0/specifications/treetop-1.4.15.gemspec
I, [2014-02-23T09:01:57.330961 #28895]  INFO -- : 0:  mail (2.5.4) from /Users/luisloya/Code/Cuanto-Debemos/vendor/bundle/ruby/2.1.0/specifications/mail-2.5.4.gemspec
I, [2014-02-23T09:01:57.331446 #28895]  INFO -- : 0:  actionmailer (4.0.3) from /Users/luisloya/Code/Cuanto-Debemos/vendor/bundle/ruby/2.1.0/specifications/actionmailer-4.0.3.gemspec
I, [2014-02-23T09:01:57.333271 #28895]  INFO -- : 0:  activemodel (4.0.3) from /Users/luisloya/Code/Cuanto-Debemos/vendor/bundle/ruby/2.1.0/specifications/activemodel-4.0.3.gemspec
I, [2014-02-23T09:01:57.335434 #28895]  INFO -- : 0:  activerecord-deprecated_finders (1.0.3) from /Users/luisloya/Code/Cuanto-Debemos/vendor/bundle/ruby/2.1.0/specifications/activerecord-deprecated_finders-1.0.3.gemspec
I, [2014-02-23T09:01:57.336003 #28895]  INFO -- : 0:  arel (4.0.2) from /Users/luisloya/Code/Cuanto-Debemos/vendor/bundle/ruby/2.1.0/specifications/arel-4.0.2.gemspec
I, [2014-02-23T09:01:57.336496 #28895]  INFO -- : 0:  activerecord (4.0.3) from /Users/luisloya/Code/Cuanto-Debemos/vendor/bundle/ruby/2.1.0/specifications/activerecord-4.0.3.gemspec
I, [2014-02-23T09:01:57.337021 #28895]  INFO -- : 0:  bcrypt (3.1.6) from /Users/luisloya/Code/Cuanto-Debemos/vendor/bundle/ruby/2.1.0/specifications/bcrypt-3.1.6.gemspec
I, [2014-02-23T09:01:57.337498 #28895]  INFO -- : 0:  sass (3.2.14) from /Users/luisloya/Code/Cuanto-Debemos/vendor/bundle/ruby/2.1.0/specifications/sass-3.2.14.gemspec
I, [2014-02-23T09:01:57.338013 #28895]  INFO -- : 0:  bootstrap-sass (3.0.3.0) from /Users/luisloya/Code/Cuanto-Debemos/vendor/bundle/ruby/2.1.0/specifications/bootstrap-sass-3.0.3.0.gemspec
I, [2014-02-23T09:01:57.338456 #28895]  INFO -- : 0:  bundler (1.5.1) from /Users/luisloya/.rvm/gems/ruby-2.1.0@global/gems/bundler-1.5.1/lib/bundler/source
I, [2014-02-23T09:01:57.339520 #28895]  INFO -- : 0:  mini_portile (0.5.2) from /Users/luisloya/Code/Cuanto-Debemos/vendor/bundle/ruby/2.1.0/specifications/mini_portile-0.5.2.gemspec
I, [2014-02-23T09:01:57.340015 #28895]  INFO -- : 0:  nokogiri (1.6.1) from /Users/luisloya/Code/Cuanto-Debemos/vendor/bundle/ruby/2.1.0/specifications/nokogiri-1.6.1.gemspec
I, [2014-02-23T09:01:57.340684 #28895]  INFO -- : 0:  xpath (2.0.0) from /Users/luisloya/Code/Cuanto-Debemos/vendor/bundle/ruby/2.1.0/specifications/xpath-2.0.0.gemspec
I, [2014-02-23T09:01:57.342268 #28895]  INFO -- : 0:  capybara (2.2.1) from /Users/luisloya/Code/Cuanto-Debemos/vendor/bundle/ruby/2.1.0/specifications/capybara-2.2.1.gemspec
I, [2014-02-23T09:01:57.349562 #28895]  INFO -- : 0:  coffee-script-source (1.7.0) from /Users/luisloya/Code/Cuanto-Debemos/vendor/bundle/ruby/2.1.0/specifications/coffee-script-source-1.7.0.gemspec
I, [2014-02-23T09:01:57.350214 #28895]  INFO -- : 0:  execjs (2.0.2) from /Users/luisloya/Code/Cuanto-Debemos/vendor/bundle/ruby/2.1.0/specifications/execjs-2.0.2.gemspec
I, [2014-02-23T09:01:57.351442 #28895]  INFO -- : 0:  coffee-script (2.2.0) from /Users/luisloya/Code/Cuanto-Debemos/vendor/bundle/ruby/2.1.0/specifications/coffee-script-2.2.0.gemspec
I, [2014-02-23T09:01:57.354244 #28895]  INFO -- : 0:  thor (0.18.1) from /Users/luisloya/Code/Cuanto-Debemos/vendor/bundle/ruby/2.1.0/specifications/thor-0.18.1.gemspec
I, [2014-02-23T09:01:57.355138 #28895]  INFO -- : 0:  railties (4.0.3) from /Users/luisloya/Code/Cuanto-Debemos/vendor/bundle/ruby/2.1.0/specifications/railties-4.0.3.gemspec
I, [2014-02-23T09:01:57.355749 #28895]  INFO -- : 0:  coffee-rails (4.0.1) from /Users/luisloya/Code/Cuanto-Debemos/vendor/bundle/ruby/2.1.0/specifications/coffee-rails-4.0.1.gemspec
I, [2014-02-23T09:01:57.356246 #28895]  INFO -- : 0:  diff-lcs (1.2.5) from /Users/luisloya/Code/Cuanto-Debemos/vendor/bundle/ruby/2.1.0/specifications/diff-lcs-1.2.5.gemspec
I, [2014-02-23T09:01:57.356757 #28895]  INFO -- : 0:  hike (1.2.3) from /Users/luisloya/Code/Cuanto-Debemos/vendor/bundle/ruby/2.1.0/specifications/hike-1.2.3.gemspec
I, [2014-02-23T09:01:57.357259 #28895]  INFO -- : 0:  tilt (1.4.1) from /Users/luisloya/Code/Cuanto-Debemos/vendor/bundle/ruby/2.1.0/specifications/tilt-1.4.1.gemspec
I, [2014-02-23T09:01:57.357774 #28895]  INFO -- : 0:  sprockets (2.11.0) from /Users/luisloya/Code/Cuanto-Debemos/vendor/bundle/ruby/2.1.0/specifications/sprockets-2.11.0.gemspec
I, [2014-02-23T09:01:57.358234 #28895]  INFO -- : 0:  sprockets-rails (2.0.1) from /Users/luisloya/Code/Cuanto-Debemos/vendor/bundle/ruby/2.1.0/specifications/sprockets-rails-2.0.1.gemspec
I, [2014-02-23T09:01:57.358687 #28895]  INFO -- : 0:  rails (4.0.3) from /Users/luisloya/Code/Cuanto-Debemos/vendor/bundle/ruby/2.1.0/specifications/rails-4.0.3.gemspec
I, [2014-02-23T09:01:57.359161 #28895]  INFO -- : 0:  figaro (0.7.0) from /Users/luisloya/Code/Cuanto-Debemos/vendor/bundle/ruby/2.1.0/specifications/figaro-0.7.0.gemspec
I, [2014-02-23T09:01:57.359648 #28895]  INFO -- : 0:  sass-rails (4.0.1) from /Users/luisloya/Code/Cuanto-Debemos/vendor/bundle/ruby/2.1.0/specifications/sass-rails-4.0.1.gemspec
I, [2014-02-23T09:01:57.360269 #28895]  INFO -- : 0:  font-awesome-sass (4.0.2) from /Users/luisloya/Code/Cuanto-Debemos/vendor/bundle/ruby/2.1.0/specifications/font-awesome-sass-4.0.2.gemspec
I, [2014-02-23T09:01:57.360851 #28895]  INFO -- : 0:  friendly_id (5.0.3) from /Users/luisloya/Code/Cuanto-Debemos/vendor/bundle/ruby/2.1.0/specifications/friendly_id-5.0.3.gemspec
I, [2014-02-23T09:01:57.361348 #28895]  INFO -- : 0:  jbuilder (1.5.3) from /Users/luisloya/Code/Cuanto-Debemos/vendor/bundle/ruby/2.1.0/specifications/jbuilder-1.5.3.gemspec
I, [2014-02-23T09:01:57.361840 #28895]  INFO -- : 0:  jquery-rails (3.0.4) from /Users/luisloya/Code/Cuanto-Debemos/vendor/bundle/ruby/2.1.0/specifications/jquery-rails-3.0.4.gemspec
I, [2014-02-23T09:01:57.365976 #28895]  INFO -- : 0:  turbolinks (2.1.0) from /Users/luisloya/Code/Cuanto-Debemos/vendor/bundle/ruby/2.1.0/specifications/turbolinks-2.1.0.gemspec
I, [2014-02-23T09:01:58.945935 #28895]  INFO -- : 0:  jquery-turbolinks (2.0.2) from /Users/luisloya/Code/Cuanto-Debemos/vendor/bundle/ruby/2.1.0/specifications/jquery-turbolinks-2.0.2.gemspec
I, [2014-02-23T09:01:58.946275 #28895]  INFO -- : 0:  json (1.8.1) from /Users/luisloya/.rvm/rubies/ruby-2.1.0/lib/ruby/gems/2.1.0/specifications/default/json-1.8.1.gemspec
I, [2014-02-23T09:01:58.946600 #28895]  INFO -- : 0:  kaminari (0.15.1) from /Users/luisloya/Code/Cuanto-Debemos/vendor/bundle/ruby/2.1.0/specifications/kaminari-0.15.1.gemspec
I, [2014-02-23T09:01:58.946888 #28895]  INFO -- : 0:  pg (0.17.1) from /Users/luisloya/Code/Cuanto-Debemos/vendor/bundle/ruby/2.1.0/specifications/pg-0.17.1.gemspec
I, [2014-02-23T09:01:58.947175 #28895]  INFO -- : 0:  rails_layout (0.5.11) from /Users/luisloya/Code/Cuanto-Debemos/vendor/bundle/ruby/2.1.0/specifications/rails_layout-0.5.11.gemspec
I, [2014-02-23T09:01:58.947462 #28895]  INFO -- : 0:  rdoc (4.1.1) from /Users/luisloya/Code/Cuanto-Debemos/vendor/bundle/ruby/2.1.0/specifications/rdoc-4.1.1.gemspec
I, [2014-02-23T09:01:58.947755 #28895]  INFO -- : 0:  rspec-core (2.14.7) from /Users/luisloya/Code/Cuanto-Debemos/vendor/bundle/ruby/2.1.0/specifications/rspec-core-2.14.7.gemspec
I, [2014-02-23T09:01:58.948028 #28895]  INFO -- : 0:  rspec-expectations (2.14.5) from /Users/luisloya/Code/Cuanto-Debemos/vendor/bundle/ruby/2.1.0/specifications/rspec-expectations-2.14.5.gemspec
I, [2014-02-23T09:01:58.948381 #28895]  INFO -- : 0:  rspec-mocks (2.14.6) from /Users/luisloya/Code/Cuanto-Debemos/vendor/bundle/ruby/2.1.0/specifications/rspec-mocks-2.14.6.gemspec
I, [2014-02-23T09:01:58.948745 #28895]  INFO -- : 0:  rspec-rails (2.14.1) from /Users/luisloya/Code/Cuanto-Debemos/vendor/bundle/ruby/2.1.0/specifications/rspec-rails-2.14.1.gemspec
I, [2014-02-23T09:01:58.949123 #28895]  INFO -- : 0:  sdoc (0.4.0) from /Users/luisloya/Code/Cuanto-Debemos/vendor/bundle/ruby/2.1.0/specifications/sdoc-0.4.0.gemspec
I, [2014-02-23T09:01:58.949464 #28895]  INFO -- : 0:  sqlite3 (1.3.8) from /Users/luisloya/Code/Cuanto-Debemos/vendor/bundle/ruby/2.1.0/specifications/sqlite3-1.3.8.gemspec
I, [2014-02-23T09:01:58.949746 #28895]  INFO -- : 0:  uglifier (2.4.0) from /Users/luisloya/Code/Cuanto-Debemos/vendor/bundle/ruby/2.1.0/specifications/uglifier-2.4.0.gemspec
>>>>>>> Stashed changes
I, [2014-02-23T09:55:24.467370 #29949]  INFO -- : 0:  rake (10.1.1) from /Users/luisloya/Code/Cuanto-Debemos/vendor/bundle/ruby/2.1.0/specifications/rake-10.1.1.gemspec
I, [2014-02-23T09:55:24.467881 #29949]  INFO -- : 0:  i18n (0.6.9) from /Users/luisloya/Code/Cuanto-Debemos/vendor/bundle/ruby/2.1.0/specifications/i18n-0.6.9.gemspec
I, [2014-02-23T09:55:24.468217 #29949]  INFO -- : 0:  minitest (4.7.5) from /Users/luisloya/.rvm/rubies/ruby-2.1.0/lib/ruby/gems/2.1.0/specifications/default/minitest-4.7.5.gemspec
I, [2014-02-23T09:55:24.468578 #29949]  INFO -- : 0:  multi_json (1.8.4) from /Users/luisloya/Code/Cuanto-Debemos/vendor/bundle/ruby/2.1.0/specifications/multi_json-1.8.4.gemspec
I, [2014-02-23T09:55:24.468943 #29949]  INFO -- : 0:  atomic (1.1.14) from /Users/luisloya/Code/Cuanto-Debemos/vendor/bundle/ruby/2.1.0/specifications/atomic-1.1.14.gemspec
I, [2014-02-23T09:55:24.469291 #29949]  INFO -- : 0:  thread_safe (0.1.3) from /Users/luisloya/Code/Cuanto-Debemos/vendor/bundle/ruby/2.1.0/specifications/thread_safe-0.1.3.gemspec
I, [2014-02-23T09:55:24.469615 #29949]  INFO -- : 0:  tzinfo (0.3.38) from /Users/luisloya/Code/Cuanto-Debemos/vendor/bundle/ruby/2.1.0/specifications/tzinfo-0.3.38.gemspec
I, [2014-02-23T09:55:24.469921 #29949]  INFO -- : 0:  activesupport (4.0.3) from /Users/luisloya/Code/Cuanto-Debemos/vendor/bundle/ruby/2.1.0/specifications/activesupport-4.0.3.gemspec
I, [2014-02-23T09:55:24.470249 #29949]  INFO -- : 0:  builder (3.1.4) from /Users/luisloya/Code/Cuanto-Debemos/vendor/bundle/ruby/2.1.0/specifications/builder-3.1.4.gemspec
I, [2014-02-23T09:55:24.470828 #29949]  INFO -- : 0:  erubis (2.7.0) from /Users/luisloya/Code/Cuanto-Debemos/vendor/bundle/ruby/2.1.0/specifications/erubis-2.7.0.gemspec
I, [2014-02-23T09:55:24.471343 #29949]  INFO -- : 0:  rack (1.5.2) from /Users/luisloya/Code/Cuanto-Debemos/vendor/bundle/ruby/2.1.0/specifications/rack-1.5.2.gemspec
I, [2014-02-23T09:55:24.471916 #29949]  INFO -- : 0:  rack-test (0.6.2) from /Users/luisloya/Code/Cuanto-Debemos/vendor/bundle/ruby/2.1.0/specifications/rack-test-0.6.2.gemspec
I, [2014-02-23T09:55:24.472438 #29949]  INFO -- : 0:  actionpack (4.0.3) from /Users/luisloya/Code/Cuanto-Debemos/vendor/bundle/ruby/2.1.0/specifications/actionpack-4.0.3.gemspec
I, [2014-02-23T09:55:24.477748 #29949]  INFO -- : 0:  mime-types (1.25.1) from /Users/luisloya/Code/Cuanto-Debemos/vendor/bundle/ruby/2.1.0/specifications/mime-types-1.25.1.gemspec
I, [2014-02-23T09:55:24.479864 #29949]  INFO -- : 0:  polyglot (0.3.4) from /Users/luisloya/Code/Cuanto-Debemos/vendor/bundle/ruby/2.1.0/specifications/polyglot-0.3.4.gemspec
I, [2014-02-23T09:55:24.482653 #29949]  INFO -- : 0:  treetop (1.4.15) from /Users/luisloya/Code/Cuanto-Debemos/vendor/bundle/ruby/2.1.0/specifications/treetop-1.4.15.gemspec
I, [2014-02-23T09:55:24.487084 #29949]  INFO -- : 0:  mail (2.5.4) from /Users/luisloya/Code/Cuanto-Debemos/vendor/bundle/ruby/2.1.0/specifications/mail-2.5.4.gemspec
I, [2014-02-23T09:55:24.487900 #29949]  INFO -- : 0:  actionmailer (4.0.3) from /Users/luisloya/Code/Cuanto-Debemos/vendor/bundle/ruby/2.1.0/specifications/actionmailer-4.0.3.gemspec
I, [2014-02-23T09:55:24.489804 #29949]  INFO -- : 0:  activemodel (4.0.3) from /Users/luisloya/Code/Cuanto-Debemos/vendor/bundle/ruby/2.1.0/specifications/activemodel-4.0.3.gemspec
I, [2014-02-23T09:55:24.491179 #29949]  INFO -- : 0:  activerecord-deprecated_finders (1.0.3) from /Users/luisloya/Code/Cuanto-Debemos/vendor/bundle/ruby/2.1.0/specifications/activerecord-deprecated_finders-1.0.3.gemspec
I, [2014-02-23T09:55:24.491693 #29949]  INFO -- : 0:  arel (4.0.2) from /Users/luisloya/Code/Cuanto-Debemos/vendor/bundle/ruby/2.1.0/specifications/arel-4.0.2.gemspec
I, [2014-02-23T09:55:24.492096 #29949]  INFO -- : 0:  activerecord (4.0.3) from /Users/luisloya/Code/Cuanto-Debemos/vendor/bundle/ruby/2.1.0/specifications/activerecord-4.0.3.gemspec
I, [2014-02-23T09:55:24.492516 #29949]  INFO -- : 0:  bcrypt (3.1.6) from /Users/luisloya/Code/Cuanto-Debemos/vendor/bundle/ruby/2.1.0/specifications/bcrypt-3.1.6.gemspec
I, [2014-02-23T09:55:24.492906 #29949]  INFO -- : 0:  sass (3.2.14) from /Users/luisloya/Code/Cuanto-Debemos/vendor/bundle/ruby/2.1.0/specifications/sass-3.2.14.gemspec
I, [2014-02-23T09:55:24.493315 #29949]  INFO -- : 0:  bootstrap-sass (3.0.3.0) from /Users/luisloya/Code/Cuanto-Debemos/vendor/bundle/ruby/2.1.0/specifications/bootstrap-sass-3.0.3.0.gemspec
I, [2014-02-23T09:55:24.494114 #29949]  INFO -- : 0:  mini_portile (0.5.2) from /Users/luisloya/Code/Cuanto-Debemos/vendor/bundle/ruby/2.1.0/specifications/mini_portile-0.5.2.gemspec
I, [2014-02-23T09:55:24.494844 #29949]  INFO -- : 0:  nokogiri (1.6.1) from /Users/luisloya/Code/Cuanto-Debemos/vendor/bundle/ruby/2.1.0/specifications/nokogiri-1.6.1.gemspec
I, [2014-02-23T09:55:24.496364 #29949]  INFO -- : 0:  xpath (2.0.0) from /Users/luisloya/Code/Cuanto-Debemos/vendor/bundle/ruby/2.1.0/specifications/xpath-2.0.0.gemspec
I, [2014-02-23T09:55:24.502935 #29949]  INFO -- : 0:  capybara (2.2.1) from /Users/luisloya/Code/Cuanto-Debemos/vendor/bundle/ruby/2.1.0/specifications/capybara-2.2.1.gemspec
I, [2014-02-23T09:55:24.503698 #29949]  INFO -- : 0:  coffee-script-source (1.7.0) from /Users/luisloya/Code/Cuanto-Debemos/vendor/bundle/ruby/2.1.0/specifications/coffee-script-source-1.7.0.gemspec
I, [2014-02-23T09:55:24.504334 #29949]  INFO -- : 0:  execjs (2.0.2) from /Users/luisloya/Code/Cuanto-Debemos/vendor/bundle/ruby/2.1.0/specifications/execjs-2.0.2.gemspec
I, [2014-02-23T09:55:24.504915 #29949]  INFO -- : 0:  coffee-script (2.2.0) from /Users/luisloya/Code/Cuanto-Debemos/vendor/bundle/ruby/2.1.0/specifications/coffee-script-2.2.0.gemspec
I, [2014-02-23T09:55:24.505487 #29949]  INFO -- : 0:  thor (0.18.1) from /Users/luisloya/Code/Cuanto-Debemos/vendor/bundle/ruby/2.1.0/specifications/thor-0.18.1.gemspec
I, [2014-02-23T09:55:24.506038 #29949]  INFO -- : 0:  railties (4.0.3) from /Users/luisloya/Code/Cuanto-Debemos/vendor/bundle/ruby/2.1.0/specifications/railties-4.0.3.gemspec
I, [2014-02-23T09:55:24.509526 #29949]  INFO -- : 0:  coffee-rails (4.0.1) from /Users/luisloya/Code/Cuanto-Debemos/vendor/bundle/ruby/2.1.0/specifications/coffee-rails-4.0.1.gemspec
I, [2014-02-23T09:55:24.510543 #29949]  INFO -- : 0:  diff-lcs (1.2.5) from /Users/luisloya/Code/Cuanto-Debemos/vendor/bundle/ruby/2.1.0/specifications/diff-lcs-1.2.5.gemspec
I, [2014-02-23T09:55:24.511044 #29949]  INFO -- : 0:  bundler (1.5.1) from /Users/luisloya/.rvm/gems/ruby-2.1.0@global/gems/bundler-1.5.1/lib/bundler/source
I, [2014-02-23T09:55:24.511575 #29949]  INFO -- : 0:  hike (1.2.3) from /Users/luisloya/Code/Cuanto-Debemos/vendor/bundle/ruby/2.1.0/specifications/hike-1.2.3.gemspec
I, [2014-02-23T09:55:24.512038 #29949]  INFO -- : 0:  tilt (1.4.1) from /Users/luisloya/Code/Cuanto-Debemos/vendor/bundle/ruby/2.1.0/specifications/tilt-1.4.1.gemspec
I, [2014-02-23T09:55:24.512460 #29949]  INFO -- : 0:  sprockets (2.11.0) from /Users/luisloya/Code/Cuanto-Debemos/vendor/bundle/ruby/2.1.0/specifications/sprockets-2.11.0.gemspec
I, [2014-02-23T09:55:24.513006 #29949]  INFO -- : 0:  sprockets-rails (2.0.1) from /Users/luisloya/Code/Cuanto-Debemos/vendor/bundle/ruby/2.1.0/specifications/sprockets-rails-2.0.1.gemspec
I, [2014-02-23T09:55:24.513578 #29949]  INFO -- : 0:  rails (4.0.3) from /Users/luisloya/Code/Cuanto-Debemos/vendor/bundle/ruby/2.1.0/specifications/rails-4.0.3.gemspec
I, [2014-02-23T09:55:24.514190 #29949]  INFO -- : 0:  figaro (0.7.0) from /Users/luisloya/Code/Cuanto-Debemos/vendor/bundle/ruby/2.1.0/specifications/figaro-0.7.0.gemspec
I, [2014-02-23T09:55:24.514808 #29949]  INFO -- : 0:  sass-rails (4.0.1) from /Users/luisloya/Code/Cuanto-Debemos/vendor/bundle/ruby/2.1.0/specifications/sass-rails-4.0.1.gemspec
I, [2014-02-23T09:55:24.515425 #29949]  INFO -- : 0:  font-awesome-sass (4.0.2) from /Users/luisloya/Code/Cuanto-Debemos/vendor/bundle/ruby/2.1.0/specifications/font-awesome-sass-4.0.2.gemspec
I, [2014-02-23T09:55:24.515989 #29949]  INFO -- : 0:  friendly_id (5.0.3) from /Users/luisloya/Code/Cuanto-Debemos/vendor/bundle/ruby/2.1.0/specifications/friendly_id-5.0.3.gemspec
I, [2014-02-23T09:55:24.516571 #29949]  INFO -- : 0:  jbuilder (1.5.3) from /Users/luisloya/Code/Cuanto-Debemos/vendor/bundle/ruby/2.1.0/specifications/jbuilder-1.5.3.gemspec
I, [2014-02-23T09:55:24.517106 #29949]  INFO -- : 0:  jquery-rails (3.0.4) from /Users/luisloya/Code/Cuanto-Debemos/vendor/bundle/ruby/2.1.0/specifications/jquery-rails-3.0.4.gemspec
I, [2014-02-23T09:55:24.517735 #29949]  INFO -- : 0:  turbolinks (2.1.0) from /Users/luisloya/Code/Cuanto-Debemos/vendor/bundle/ruby/2.1.0/specifications/turbolinks-2.1.0.gemspec
I, [2014-02-23T09:55:24.518324 #29949]  INFO -- : 0:  jquery-turbolinks (2.0.2) from /Users/luisloya/Code/Cuanto-Debemos/vendor/bundle/ruby/2.1.0/specifications/jquery-turbolinks-2.0.2.gemspec
I, [2014-02-23T09:55:24.518869 #29949]  INFO -- : 0:  json (1.8.1) from /Users/luisloya/.rvm/rubies/ruby-2.1.0/lib/ruby/gems/2.1.0/specifications/default/json-1.8.1.gemspec
I, [2014-02-23T09:55:24.519551 #29949]  INFO -- : 0:  kaminari (0.15.1) from /Users/luisloya/Code/Cuanto-Debemos/vendor/bundle/ruby/2.1.0/specifications/kaminari-0.15.1.gemspec
I, [2014-02-23T09:55:24.520037 #29949]  INFO -- : 0:  pg (0.17.1) from /Users/luisloya/Code/Cuanto-Debemos/vendor/bundle/ruby/2.1.0/specifications/pg-0.17.1.gemspec
I, [2014-02-23T09:55:24.520602 #29949]  INFO -- : 0:  rails_layout (0.5.11) from /Users/luisloya/Code/Cuanto-Debemos/vendor/bundle/ruby/2.1.0/specifications/rails_layout-0.5.11.gemspec
I, [2014-02-23T09:55:24.521187 #29949]  INFO -- : 0:  rdoc (4.1.1) from /Users/luisloya/Code/Cuanto-Debemos/vendor/bundle/ruby/2.1.0/specifications/rdoc-4.1.1.gemspec
I, [2014-02-23T09:55:24.521681 #29949]  INFO -- : 0:  rspec-core (2.14.7) from /Users/luisloya/Code/Cuanto-Debemos/vendor/bundle/ruby/2.1.0/specifications/rspec-core-2.14.7.gemspec
I, [2014-02-23T09:55:24.522211 #29949]  INFO -- : 0:  rspec-expectations (2.14.5) from /Users/luisloya/Code/Cuanto-Debemos/vendor/bundle/ruby/2.1.0/specifications/rspec-expectations-2.14.5.gemspec
I, [2014-02-23T09:55:24.522739 #29949]  INFO -- : 0:  rspec-mocks (2.14.6) from /Users/luisloya/Code/Cuanto-Debemos/vendor/bundle/ruby/2.1.0/specifications/rspec-mocks-2.14.6.gemspec
I, [2014-02-23T09:55:24.523261 #29949]  INFO -- : 0:  rspec-rails (2.14.1) from /Users/luisloya/Code/Cuanto-Debemos/vendor/bundle/ruby/2.1.0/specifications/rspec-rails-2.14.1.gemspec
I, [2014-02-23T09:55:24.523731 #29949]  INFO -- : 0:  sdoc (0.4.0) from /Users/luisloya/Code/Cuanto-Debemos/vendor/bundle/ruby/2.1.0/specifications/sdoc-0.4.0.gemspec
I, [2014-02-23T09:55:24.524287 #29949]  INFO -- : 0:  sqlite3 (1.3.8) from /Users/luisloya/Code/Cuanto-Debemos/vendor/bundle/ruby/2.1.0/specifications/sqlite3-1.3.8.gemspec
I, [2014-02-23T09:55:24.524991 #29949]  INFO -- : 0:  uglifier (2.4.0) from /Users/luisloya/Code/Cuanto-Debemos/vendor/bundle/ruby/2.1.0/specifications/uglifier-2.4.0.gemspec
I, [2014-02-23T11:15:46.343879 #30924]  INFO -- : 0:  rake (10.1.1) from /Users/luisloya/Code/Cuanto-Debemos/vendor/bundle/ruby/2.1.0/specifications/rake-10.1.1.gemspec
I, [2014-02-23T11:15:46.344374 #30924]  INFO -- : 0:  i18n (0.6.9) from /Users/luisloya/Code/Cuanto-Debemos/vendor/bundle/ruby/2.1.0/specifications/i18n-0.6.9.gemspec
I, [2014-02-23T11:15:46.344683 #30924]  INFO -- : 0:  minitest (4.7.5) from /Users/luisloya/.rvm/rubies/ruby-2.1.0/lib/ruby/gems/2.1.0/specifications/default/minitest-4.7.5.gemspec
I, [2014-02-23T11:15:46.345034 #30924]  INFO -- : 0:  multi_json (1.8.4) from /Users/luisloya/Code/Cuanto-Debemos/vendor/bundle/ruby/2.1.0/specifications/multi_json-1.8.4.gemspec
I, [2014-02-23T11:15:46.345360 #30924]  INFO -- : 0:  atomic (1.1.14) from /Users/luisloya/Code/Cuanto-Debemos/vendor/bundle/ruby/2.1.0/specifications/atomic-1.1.14.gemspec
I, [2014-02-23T11:15:46.345674 #30924]  INFO -- : 0:  thread_safe (0.1.3) from /Users/luisloya/Code/Cuanto-Debemos/vendor/bundle/ruby/2.1.0/specifications/thread_safe-0.1.3.gemspec
I, [2014-02-23T11:15:46.346012 #30924]  INFO -- : 0:  tzinfo (0.3.38) from /Users/luisloya/Code/Cuanto-Debemos/vendor/bundle/ruby/2.1.0/specifications/tzinfo-0.3.38.gemspec
I, [2014-02-23T11:15:46.346345 #30924]  INFO -- : 0:  activesupport (4.0.3) from /Users/luisloya/Code/Cuanto-Debemos/vendor/bundle/ruby/2.1.0/specifications/activesupport-4.0.3.gemspec
I, [2014-02-23T11:15:46.346703 #30924]  INFO -- : 0:  builder (3.1.4) from /Users/luisloya/Code/Cuanto-Debemos/vendor/bundle/ruby/2.1.0/specifications/builder-3.1.4.gemspec
I, [2014-02-23T11:15:46.347026 #30924]  INFO -- : 0:  erubis (2.7.0) from /Users/luisloya/Code/Cuanto-Debemos/vendor/bundle/ruby/2.1.0/specifications/erubis-2.7.0.gemspec
I, [2014-02-23T11:15:46.347345 #30924]  INFO -- : 0:  rack (1.5.2) from /Users/luisloya/Code/Cuanto-Debemos/vendor/bundle/ruby/2.1.0/specifications/rack-1.5.2.gemspec
I, [2014-02-23T11:15:46.347651 #30924]  INFO -- : 0:  rack-test (0.6.2) from /Users/luisloya/Code/Cuanto-Debemos/vendor/bundle/ruby/2.1.0/specifications/rack-test-0.6.2.gemspec
I, [2014-02-23T11:15:46.347962 #30924]  INFO -- : 0:  actionpack (4.0.3) from /Users/luisloya/Code/Cuanto-Debemos/vendor/bundle/ruby/2.1.0/specifications/actionpack-4.0.3.gemspec
I, [2014-02-23T11:15:46.348272 #30924]  INFO -- : 0:  mime-types (1.25.1) from /Users/luisloya/Code/Cuanto-Debemos/vendor/bundle/ruby/2.1.0/specifications/mime-types-1.25.1.gemspec
I, [2014-02-23T11:15:46.348685 #30924]  INFO -- : 0:  polyglot (0.3.4) from /Users/luisloya/Code/Cuanto-Debemos/vendor/bundle/ruby/2.1.0/specifications/polyglot-0.3.4.gemspec
I, [2014-02-23T11:15:46.349675 #30924]  INFO -- : 0:  treetop (1.4.15) from /Users/luisloya/Code/Cuanto-Debemos/vendor/bundle/ruby/2.1.0/specifications/treetop-1.4.15.gemspec
I, [2014-02-23T11:15:46.350063 #30924]  INFO -- : 0:  mail (2.5.4) from /Users/luisloya/Code/Cuanto-Debemos/vendor/bundle/ruby/2.1.0/specifications/mail-2.5.4.gemspec
I, [2014-02-23T11:15:46.350445 #30924]  INFO -- : 0:  actionmailer (4.0.3) from /Users/luisloya/Code/Cuanto-Debemos/vendor/bundle/ruby/2.1.0/specifications/actionmailer-4.0.3.gemspec
I, [2014-02-23T11:15:46.350824 #30924]  INFO -- : 0:  activemodel (4.0.3) from /Users/luisloya/Code/Cuanto-Debemos/vendor/bundle/ruby/2.1.0/specifications/activemodel-4.0.3.gemspec
I, [2014-02-23T11:15:46.351208 #30924]  INFO -- : 0:  activerecord-deprecated_finders (1.0.3) from /Users/luisloya/Code/Cuanto-Debemos/vendor/bundle/ruby/2.1.0/specifications/activerecord-deprecated_finders-1.0.3.gemspec
I, [2014-02-23T11:15:46.351603 #30924]  INFO -- : 0:  arel (4.0.2) from /Users/luisloya/Code/Cuanto-Debemos/vendor/bundle/ruby/2.1.0/specifications/arel-4.0.2.gemspec
I, [2014-02-23T11:15:46.351982 #30924]  INFO -- : 0:  activerecord (4.0.3) from /Users/luisloya/Code/Cuanto-Debemos/vendor/bundle/ruby/2.1.0/specifications/activerecord-4.0.3.gemspec
I, [2014-02-23T11:15:46.352361 #30924]  INFO -- : 0:  bcrypt (3.1.6) from /Users/luisloya/Code/Cuanto-Debemos/vendor/bundle/ruby/2.1.0/specifications/bcrypt-3.1.6.gemspec
I, [2014-02-23T11:15:48.436588 #30924]  INFO -- : 0:  coderay (1.1.0) from /Users/luisloya/Code/Cuanto-Debemos/vendor/bundle/ruby/2.1.0/specifications/coderay-1.1.0.gemspec
I, [2014-02-23T11:15:49.794719 #30924]  INFO -- : 0:  better_errors (1.1.0) from /Users/luisloya/Code/Cuanto-Debemos/vendor/bundle/ruby/2.1.0/specifications/better_errors-1.1.0.gemspec
I, [2014-02-23T11:15:51.521471 #30924]  INFO -- : 0:  debug_inspector (0.0.2) from /Users/luisloya/Code/Cuanto-Debemos/vendor/bundle/ruby/2.1.0/specifications/debug_inspector-0.0.2.gemspec
I, [2014-02-23T11:15:53.351085 #30924]  INFO -- : 0:  binding_of_caller (0.7.2) from /Users/luisloya/Code/Cuanto-Debemos/vendor/bundle/ruby/2.1.0/specifications/binding_of_caller-0.7.2.gemspec
I, [2014-02-23T11:15:53.351843 #30924]  INFO -- : 0:  sass (3.2.14) from /Users/luisloya/Code/Cuanto-Debemos/vendor/bundle/ruby/2.1.0/specifications/sass-3.2.14.gemspec
I, [2014-02-23T11:15:53.352383 #30924]  INFO -- : 0:  bootstrap-sass (3.0.3.0) from /Users/luisloya/Code/Cuanto-Debemos/vendor/bundle/ruby/2.1.0/specifications/bootstrap-sass-3.0.3.0.gemspec
I, [2014-02-23T11:15:53.352833 #30924]  INFO -- : 0:  mini_portile (0.5.2) from /Users/luisloya/Code/Cuanto-Debemos/vendor/bundle/ruby/2.1.0/specifications/mini_portile-0.5.2.gemspec
I, [2014-02-23T11:15:53.353306 #30924]  INFO -- : 0:  nokogiri (1.6.1) from /Users/luisloya/Code/Cuanto-Debemos/vendor/bundle/ruby/2.1.0/specifications/nokogiri-1.6.1.gemspec
I, [2014-02-23T11:15:53.353740 #30924]  INFO -- : 0:  xpath (2.0.0) from /Users/luisloya/Code/Cuanto-Debemos/vendor/bundle/ruby/2.1.0/specifications/xpath-2.0.0.gemspec
I, [2014-02-23T11:15:53.354172 #30924]  INFO -- : 0:  capybara (2.2.1) from /Users/luisloya/Code/Cuanto-Debemos/vendor/bundle/ruby/2.1.0/specifications/capybara-2.2.1.gemspec
I, [2014-02-23T11:15:53.354603 #30924]  INFO -- : 0:  coffee-script-source (1.7.0) from /Users/luisloya/Code/Cuanto-Debemos/vendor/bundle/ruby/2.1.0/specifications/coffee-script-source-1.7.0.gemspec
I, [2014-02-23T11:15:53.355045 #30924]  INFO -- : 0:  execjs (2.0.2) from /Users/luisloya/Code/Cuanto-Debemos/vendor/bundle/ruby/2.1.0/specifications/execjs-2.0.2.gemspec
I, [2014-02-23T11:15:53.355445 #30924]  INFO -- : 0:  coffee-script (2.2.0) from /Users/luisloya/Code/Cuanto-Debemos/vendor/bundle/ruby/2.1.0/specifications/coffee-script-2.2.0.gemspec
I, [2014-02-23T11:15:53.355846 #30924]  INFO -- : 0:  thor (0.18.1) from /Users/luisloya/Code/Cuanto-Debemos/vendor/bundle/ruby/2.1.0/specifications/thor-0.18.1.gemspec
I, [2014-02-23T11:15:53.356246 #30924]  INFO -- : 0:  railties (4.0.3) from /Users/luisloya/Code/Cuanto-Debemos/vendor/bundle/ruby/2.1.0/specifications/railties-4.0.3.gemspec
I, [2014-02-23T11:15:53.356639 #30924]  INFO -- : 0:  coffee-rails (4.0.1) from /Users/luisloya/Code/Cuanto-Debemos/vendor/bundle/ruby/2.1.0/specifications/coffee-rails-4.0.1.gemspec
I, [2014-02-23T11:15:54.373326 #30924]  INFO -- : 0:  columnize (0.3.6) from /Users/luisloya/Code/Cuanto-Debemos/vendor/bundle/ruby/2.1.0/specifications/columnize-0.3.6.gemspec
I, [2014-02-23T11:15:55.665905 #30924]  INFO -- : 0:  debugger-linecache (1.2.0) from /Users/luisloya/Code/Cuanto-Debemos/vendor/bundle/ruby/2.1.0/specifications/debugger-linecache-1.2.0.gemspec
I, [2014-02-23T11:15:59.740377 #30924]  INFO -- : 0:  debugger-ruby_core_source (1.3.1) from /Users/luisloya/Code/Cuanto-Debemos/vendor/bundle/ruby/2.1.0/specifications/debugger-ruby_core_source-1.3.1.gemspec
I, [2014-02-23T11:16:04.246249 #30924]  INFO -- : 0:  debugger (1.6.5) from /Users/luisloya/Code/Cuanto-Debemos/vendor/bundle/ruby/2.1.0/specifications/debugger-1.6.5.gemspec
I, [2014-02-23T11:16:04.246872 #30924]  INFO -- : 0:  diff-lcs (1.2.5) from /Users/luisloya/Code/Cuanto-Debemos/vendor/bundle/ruby/2.1.0/specifications/diff-lcs-1.2.5.gemspec
I, [2014-02-23T11:16:04.247236 #30924]  INFO -- : 0:  bundler (1.5.1) from /Users/luisloya/.rvm/gems/ruby-2.1.0@global/gems/bundler-1.5.1/lib/bundler/source
I, [2014-02-23T11:16:04.247637 #30924]  INFO -- : 0:  hike (1.2.3) from /Users/luisloya/Code/Cuanto-Debemos/vendor/bundle/ruby/2.1.0/specifications/hike-1.2.3.gemspec
I, [2014-02-23T11:16:04.248041 #30924]  INFO -- : 0:  tilt (1.4.1) from /Users/luisloya/Code/Cuanto-Debemos/vendor/bundle/ruby/2.1.0/specifications/tilt-1.4.1.gemspec
I, [2014-02-23T11:16:04.248412 #30924]  INFO -- : 0:  sprockets (2.11.0) from /Users/luisloya/Code/Cuanto-Debemos/vendor/bundle/ruby/2.1.0/specifications/sprockets-2.11.0.gemspec
I, [2014-02-23T11:16:04.248822 #30924]  INFO -- : 0:  sprockets-rails (2.0.1) from /Users/luisloya/Code/Cuanto-Debemos/vendor/bundle/ruby/2.1.0/specifications/sprockets-rails-2.0.1.gemspec
I, [2014-02-23T11:16:04.249201 #30924]  INFO -- : 0:  rails (4.0.3) from /Users/luisloya/Code/Cuanto-Debemos/vendor/bundle/ruby/2.1.0/specifications/rails-4.0.3.gemspec
I, [2014-02-23T11:16:04.249605 #30924]  INFO -- : 0:  figaro (0.7.0) from /Users/luisloya/Code/Cuanto-Debemos/vendor/bundle/ruby/2.1.0/specifications/figaro-0.7.0.gemspec
I, [2014-02-23T11:16:04.249956 #30924]  INFO -- : 0:  sass-rails (4.0.1) from /Users/luisloya/Code/Cuanto-Debemos/vendor/bundle/ruby/2.1.0/specifications/sass-rails-4.0.1.gemspec
I, [2014-02-23T11:16:04.250246 #30924]  INFO -- : 0:  font-awesome-sass (4.0.2) from /Users/luisloya/Code/Cuanto-Debemos/vendor/bundle/ruby/2.1.0/specifications/font-awesome-sass-4.0.2.gemspec
I, [2014-02-23T11:16:04.250533 #30924]  INFO -- : 0:  friendly_id (5.0.3) from /Users/luisloya/Code/Cuanto-Debemos/vendor/bundle/ruby/2.1.0/specifications/friendly_id-5.0.3.gemspec
I, [2014-02-23T11:16:04.250823 #30924]  INFO -- : 0:  jbuilder (1.5.3) from /Users/luisloya/Code/Cuanto-Debemos/vendor/bundle/ruby/2.1.0/specifications/jbuilder-1.5.3.gemspec
I, [2014-02-23T11:16:04.251109 #30924]  INFO -- : 0:  jquery-rails (3.0.4) from /Users/luisloya/Code/Cuanto-Debemos/vendor/bundle/ruby/2.1.0/specifications/jquery-rails-3.0.4.gemspec
I, [2014-02-23T11:16:04.251402 #30924]  INFO -- : 0:  turbolinks (2.1.0) from /Users/luisloya/Code/Cuanto-Debemos/vendor/bundle/ruby/2.1.0/specifications/turbolinks-2.1.0.gemspec
I, [2014-02-23T11:16:04.251691 #30924]  INFO -- : 0:  jquery-turbolinks (2.0.2) from /Users/luisloya/Code/Cuanto-Debemos/vendor/bundle/ruby/2.1.0/specifications/jquery-turbolinks-2.0.2.gemspec
I, [2014-02-23T11:16:04.251945 #30924]  INFO -- : 0:  json (1.8.1) from /Users/luisloya/.rvm/rubies/ruby-2.1.0/lib/ruby/gems/2.1.0/specifications/default/json-1.8.1.gemspec
I, [2014-02-23T11:16:04.252359 #30924]  INFO -- : 0:  kaminari (0.15.1) from /Users/luisloya/Code/Cuanto-Debemos/vendor/bundle/ruby/2.1.0/specifications/kaminari-0.15.1.gemspec
I, [2014-02-23T11:16:04.252688 #30924]  INFO -- : 0:  pg (0.17.1) from /Users/luisloya/Code/Cuanto-Debemos/vendor/bundle/ruby/2.1.0/specifications/pg-0.17.1.gemspec
I, [2014-02-23T11:16:04.252978 #30924]  INFO -- : 0:  rails_layout (0.5.11) from /Users/luisloya/Code/Cuanto-Debemos/vendor/bundle/ruby/2.1.0/specifications/rails_layout-0.5.11.gemspec
I, [2014-02-23T11:16:04.253266 #30924]  INFO -- : 0:  rdoc (4.1.1) from /Users/luisloya/Code/Cuanto-Debemos/vendor/bundle/ruby/2.1.0/specifications/rdoc-4.1.1.gemspec
I, [2014-02-23T11:16:05.358560 #30924]  INFO -- : 0:  rest-client (1.6.7) from /Users/luisloya/Code/Cuanto-Debemos/vendor/bundle/ruby/2.1.0/specifications/rest-client-1.6.7.gemspec
I, [2014-02-23T11:16:05.359027 #30924]  INFO -- : 0:  rspec-core (2.14.7) from /Users/luisloya/Code/Cuanto-Debemos/vendor/bundle/ruby/2.1.0/specifications/rspec-core-2.14.7.gemspec
I, [2014-02-23T11:16:05.359431 #30924]  INFO -- : 0:  rspec-expectations (2.14.5) from /Users/luisloya/Code/Cuanto-Debemos/vendor/bundle/ruby/2.1.0/specifications/rspec-expectations-2.14.5.gemspec
I, [2014-02-23T11:16:05.359804 #30924]  INFO -- : 0:  rspec-mocks (2.14.6) from /Users/luisloya/Code/Cuanto-Debemos/vendor/bundle/ruby/2.1.0/specifications/rspec-mocks-2.14.6.gemspec
I, [2014-02-23T11:16:05.360153 #30924]  INFO -- : 0:  rspec-rails (2.14.1) from /Users/luisloya/Code/Cuanto-Debemos/vendor/bundle/ruby/2.1.0/specifications/rspec-rails-2.14.1.gemspec
I, [2014-02-23T11:16:05.360485 #30924]  INFO -- : 0:  sdoc (0.4.0) from /Users/luisloya/Code/Cuanto-Debemos/vendor/bundle/ruby/2.1.0/specifications/sdoc-0.4.0.gemspec
I, [2014-02-23T11:16:05.360833 #30924]  INFO -- : 0:  uglifier (2.4.0) from /Users/luisloya/Code/Cuanto-Debemos/vendor/bundle/ruby/2.1.0/specifications/uglifier-2.4.0.gemspec
I, [2014-02-23T12:34:22.512316 #32014]  INFO -- : 0:  rake (10.1.1) from /Users/luisloya/Code/Cuanto-Debemos/vendor/bundle/ruby/2.1.0/specifications/rake-10.1.1.gemspec
I, [2014-02-23T12:34:22.512909 #32014]  INFO -- : 0:  i18n (0.6.9) from /Users/luisloya/Code/Cuanto-Debemos/vendor/bundle/ruby/2.1.0/specifications/i18n-0.6.9.gemspec
I, [2014-02-23T12:34:22.513219 #32014]  INFO -- : 0:  minitest (4.7.5) from /Users/luisloya/.rvm/rubies/ruby-2.1.0/lib/ruby/gems/2.1.0/specifications/default/minitest-4.7.5.gemspec
I, [2014-02-23T12:34:22.513551 #32014]  INFO -- : 0:  multi_json (1.8.4) from /Users/luisloya/Code/Cuanto-Debemos/vendor/bundle/ruby/2.1.0/specifications/multi_json-1.8.4.gemspec
I, [2014-02-23T12:34:22.513858 #32014]  INFO -- : 0:  atomic (1.1.14) from /Users/luisloya/Code/Cuanto-Debemos/vendor/bundle/ruby/2.1.0/specifications/atomic-1.1.14.gemspec
I, [2014-02-23T12:34:22.514159 #32014]  INFO -- : 0:  thread_safe (0.1.3) from /Users/luisloya/Code/Cuanto-Debemos/vendor/bundle/ruby/2.1.0/specifications/thread_safe-0.1.3.gemspec
I, [2014-02-23T12:34:22.514452 #32014]  INFO -- : 0:  tzinfo (0.3.38) from /Users/luisloya/Code/Cuanto-Debemos/vendor/bundle/ruby/2.1.0/specifications/tzinfo-0.3.38.gemspec
I, [2014-02-23T12:34:22.514753 #32014]  INFO -- : 0:  activesupport (4.0.3) from /Users/luisloya/Code/Cuanto-Debemos/vendor/bundle/ruby/2.1.0/specifications/activesupport-4.0.3.gemspec
I, [2014-02-23T12:34:22.515050 #32014]  INFO -- : 0:  builder (3.1.4) from /Users/luisloya/Code/Cuanto-Debemos/vendor/bundle/ruby/2.1.0/specifications/builder-3.1.4.gemspec
I, [2014-02-23T12:34:22.515343 #32014]  INFO -- : 0:  erubis (2.7.0) from /Users/luisloya/Code/Cuanto-Debemos/vendor/bundle/ruby/2.1.0/specifications/erubis-2.7.0.gemspec
I, [2014-02-23T12:34:22.515638 #32014]  INFO -- : 0:  rack (1.5.2) from /Users/luisloya/Code/Cuanto-Debemos/vendor/bundle/ruby/2.1.0/specifications/rack-1.5.2.gemspec
I, [2014-02-23T12:34:22.515923 #32014]  INFO -- : 0:  rack-test (0.6.2) from /Users/luisloya/Code/Cuanto-Debemos/vendor/bundle/ruby/2.1.0/specifications/rack-test-0.6.2.gemspec
I, [2014-02-23T12:34:22.516201 #32014]  INFO -- : 0:  actionpack (4.0.3) from /Users/luisloya/Code/Cuanto-Debemos/vendor/bundle/ruby/2.1.0/specifications/actionpack-4.0.3.gemspec
I, [2014-02-23T12:34:22.516496 #32014]  INFO -- : 0:  mime-types (1.25.1) from /Users/luisloya/Code/Cuanto-Debemos/vendor/bundle/ruby/2.1.0/specifications/mime-types-1.25.1.gemspec
I, [2014-02-23T12:34:22.516789 #32014]  INFO -- : 0:  polyglot (0.3.4) from /Users/luisloya/Code/Cuanto-Debemos/vendor/bundle/ruby/2.1.0/specifications/polyglot-0.3.4.gemspec
I, [2014-02-23T12:34:22.517082 #32014]  INFO -- : 0:  treetop (1.4.15) from /Users/luisloya/Code/Cuanto-Debemos/vendor/bundle/ruby/2.1.0/specifications/treetop-1.4.15.gemspec
I, [2014-02-23T12:34:22.517376 #32014]  INFO -- : 0:  mail (2.5.4) from /Users/luisloya/Code/Cuanto-Debemos/vendor/bundle/ruby/2.1.0/specifications/mail-2.5.4.gemspec
I, [2014-02-23T12:34:22.517664 #32014]  INFO -- : 0:  actionmailer (4.0.3) from /Users/luisloya/Code/Cuanto-Debemos/vendor/bundle/ruby/2.1.0/specifications/actionmailer-4.0.3.gemspec
I, [2014-02-23T12:34:22.517952 #32014]  INFO -- : 0:  activemodel (4.0.3) from /Users/luisloya/Code/Cuanto-Debemos/vendor/bundle/ruby/2.1.0/specifications/activemodel-4.0.3.gemspec
I, [2014-02-23T12:34:22.518267 #32014]  INFO -- : 0:  activerecord-deprecated_finders (1.0.3) from /Users/luisloya/Code/Cuanto-Debemos/vendor/bundle/ruby/2.1.0/specifications/activerecord-deprecated_finders-1.0.3.gemspec
I, [2014-02-23T12:34:22.520597 #32014]  INFO -- : 0:  arel (4.0.2) from /Users/luisloya/Code/Cuanto-Debemos/vendor/bundle/ruby/2.1.0/specifications/arel-4.0.2.gemspec
I, [2014-02-23T12:34:22.521105 #32014]  INFO -- : 0:  activerecord (4.0.3) from /Users/luisloya/Code/Cuanto-Debemos/vendor/bundle/ruby/2.1.0/specifications/activerecord-4.0.3.gemspec
I, [2014-02-23T12:34:22.521550 #32014]  INFO -- : 0:  bcrypt (3.1.6) from /Users/luisloya/Code/Cuanto-Debemos/vendor/bundle/ruby/2.1.0/specifications/bcrypt-3.1.6.gemspec
I, [2014-02-23T12:34:22.521845 #32014]  INFO -- : 0:  coderay (1.1.0) from /Users/luisloya/Code/Cuanto-Debemos/vendor/bundle/ruby/2.1.0/specifications/coderay-1.1.0.gemspec
I, [2014-02-23T12:34:22.522783 #32014]  INFO -- : 0:  better_errors (1.1.0) from /Users/luisloya/Code/Cuanto-Debemos/vendor/bundle/ruby/2.1.0/specifications/better_errors-1.1.0.gemspec
I, [2014-02-23T12:34:22.523209 #32014]  INFO -- : 0:  debug_inspector (0.0.2) from /Users/luisloya/Code/Cuanto-Debemos/vendor/bundle/ruby/2.1.0/specifications/debug_inspector-0.0.2.gemspec
I, [2014-02-23T12:34:22.523621 #32014]  INFO -- : 0:  binding_of_caller (0.7.2) from /Users/luisloya/Code/Cuanto-Debemos/vendor/bundle/ruby/2.1.0/specifications/binding_of_caller-0.7.2.gemspec
I, [2014-02-23T12:34:22.524001 #32014]  INFO -- : 0:  sass (3.2.14) from /Users/luisloya/Code/Cuanto-Debemos/vendor/bundle/ruby/2.1.0/specifications/sass-3.2.14.gemspec
I, [2014-02-23T12:34:22.524382 #32014]  INFO -- : 0:  bootstrap-sass (3.0.3.0) from /Users/luisloya/Code/Cuanto-Debemos/vendor/bundle/ruby/2.1.0/specifications/bootstrap-sass-3.0.3.0.gemspec
I, [2014-02-23T12:34:22.524742 #32014]  INFO -- : 0:  mini_portile (0.5.2) from /Users/luisloya/Code/Cuanto-Debemos/vendor/bundle/ruby/2.1.0/specifications/mini_portile-0.5.2.gemspec
I, [2014-02-23T12:34:22.525098 #32014]  INFO -- : 0:  nokogiri (1.6.1) from /Users/luisloya/Code/Cuanto-Debemos/vendor/bundle/ruby/2.1.0/specifications/nokogiri-1.6.1.gemspec
I, [2014-02-23T12:34:22.525440 #32014]  INFO -- : 0:  xpath (2.0.0) from /Users/luisloya/Code/Cuanto-Debemos/vendor/bundle/ruby/2.1.0/specifications/xpath-2.0.0.gemspec
I, [2014-02-23T12:34:22.525769 #32014]  INFO -- : 0:  capybara (2.2.1) from /Users/luisloya/Code/Cuanto-Debemos/vendor/bundle/ruby/2.1.0/specifications/capybara-2.2.1.gemspec
I, [2014-02-23T12:34:22.526158 #32014]  INFO -- : 0:  coffee-script-source (1.7.0) from /Users/luisloya/Code/Cuanto-Debemos/vendor/bundle/ruby/2.1.0/specifications/coffee-script-source-1.7.0.gemspec
I, [2014-02-23T12:34:22.526538 #32014]  INFO -- : 0:  execjs (2.0.2) from /Users/luisloya/Code/Cuanto-Debemos/vendor/bundle/ruby/2.1.0/specifications/execjs-2.0.2.gemspec
I, [2014-02-23T12:34:22.526845 #32014]  INFO -- : 0:  coffee-script (2.2.0) from /Users/luisloya/Code/Cuanto-Debemos/vendor/bundle/ruby/2.1.0/specifications/coffee-script-2.2.0.gemspec
I, [2014-02-23T12:34:22.527234 #32014]  INFO -- : 0:  thor (0.18.1) from /Users/luisloya/Code/Cuanto-Debemos/vendor/bundle/ruby/2.1.0/specifications/thor-0.18.1.gemspec
I, [2014-02-23T12:34:22.527604 #32014]  INFO -- : 0:  railties (4.0.3) from /Users/luisloya/Code/Cuanto-Debemos/vendor/bundle/ruby/2.1.0/specifications/railties-4.0.3.gemspec
I, [2014-02-23T12:34:22.528120 #32014]  INFO -- : 0:  coffee-rails (4.0.1) from /Users/luisloya/Code/Cuanto-Debemos/vendor/bundle/ruby/2.1.0/specifications/coffee-rails-4.0.1.gemspec
I, [2014-02-23T12:34:22.528508 #32014]  INFO -- : 0:  columnize (0.3.6) from /Users/luisloya/Code/Cuanto-Debemos/vendor/bundle/ruby/2.1.0/specifications/columnize-0.3.6.gemspec
I, [2014-02-23T12:34:22.528868 #32014]  INFO -- : 0:  debugger-linecache (1.2.0) from /Users/luisloya/Code/Cuanto-Debemos/vendor/bundle/ruby/2.1.0/specifications/debugger-linecache-1.2.0.gemspec
I, [2014-02-23T12:34:22.529288 #32014]  INFO -- : 0:  debugger-ruby_core_source (1.3.1) from /Users/luisloya/Code/Cuanto-Debemos/vendor/bundle/ruby/2.1.0/specifications/debugger-ruby_core_source-1.3.1.gemspec
I, [2014-02-23T12:34:22.529673 #32014]  INFO -- : 0:  debugger (1.6.5) from /Users/luisloya/Code/Cuanto-Debemos/vendor/bundle/ruby/2.1.0/specifications/debugger-1.6.5.gemspec
I, [2014-02-23T12:34:22.530074 #32014]  INFO -- : 0:  diff-lcs (1.2.5) from /Users/luisloya/Code/Cuanto-Debemos/vendor/bundle/ruby/2.1.0/specifications/diff-lcs-1.2.5.gemspec
I, [2014-02-23T12:34:22.530421 #32014]  INFO -- : 0:  bundler (1.5.1) from /Users/luisloya/.rvm/gems/ruby-2.1.0@global/gems/bundler-1.5.1/lib/bundler/source
I, [2014-02-23T12:34:22.530857 #32014]  INFO -- : 0:  hike (1.2.3) from /Users/luisloya/Code/Cuanto-Debemos/vendor/bundle/ruby/2.1.0/specifications/hike-1.2.3.gemspec
I, [2014-02-23T12:34:22.531273 #32014]  INFO -- : 0:  tilt (1.4.1) from /Users/luisloya/Code/Cuanto-Debemos/vendor/bundle/ruby/2.1.0/specifications/tilt-1.4.1.gemspec
I, [2014-02-23T12:34:22.531701 #32014]  INFO -- : 0:  sprockets (2.11.0) from /Users/luisloya/Code/Cuanto-Debemos/vendor/bundle/ruby/2.1.0/specifications/sprockets-2.11.0.gemspec
I, [2014-02-23T12:34:22.532171 #32014]  INFO -- : 0:  sprockets-rails (2.0.1) from /Users/luisloya/Code/Cuanto-Debemos/vendor/bundle/ruby/2.1.0/specifications/sprockets-rails-2.0.1.gemspec
I, [2014-02-23T12:34:22.532581 #32014]  INFO -- : 0:  rails (4.0.3) from /Users/luisloya/Code/Cuanto-Debemos/vendor/bundle/ruby/2.1.0/specifications/rails-4.0.3.gemspec
I, [2014-02-23T12:34:22.532931 #32014]  INFO -- : 0:  figaro (0.7.0) from /Users/luisloya/Code/Cuanto-Debemos/vendor/bundle/ruby/2.1.0/specifications/figaro-0.7.0.gemspec
I, [2014-02-23T12:34:22.533288 #32014]  INFO -- : 0:  sass-rails (4.0.1) from /Users/luisloya/Code/Cuanto-Debemos/vendor/bundle/ruby/2.1.0/specifications/sass-rails-4.0.1.gemspec
I, [2014-02-23T12:34:22.536478 #32014]  INFO -- : 0:  font-awesome-sass (4.0.2) from /Users/luisloya/Code/Cuanto-Debemos/vendor/bundle/ruby/2.1.0/specifications/font-awesome-sass-4.0.2.gemspec
I, [2014-02-23T12:34:22.536994 #32014]  INFO -- : 0:  friendly_id (5.0.3) from /Users/luisloya/Code/Cuanto-Debemos/vendor/bundle/ruby/2.1.0/specifications/friendly_id-5.0.3.gemspec
I, [2014-02-23T12:34:22.537480 #32014]  INFO -- : 0:  jbuilder (1.5.3) from /Users/luisloya/Code/Cuanto-Debemos/vendor/bundle/ruby/2.1.0/specifications/jbuilder-1.5.3.gemspec
I, [2014-02-23T12:34:22.537870 #32014]  INFO -- : 0:  jquery-rails (3.0.4) from /Users/luisloya/Code/Cuanto-Debemos/vendor/bundle/ruby/2.1.0/specifications/jquery-rails-3.0.4.gemspec
I, [2014-02-23T12:34:22.538253 #32014]  INFO -- : 0:  turbolinks (2.1.0) from /Users/luisloya/Code/Cuanto-Debemos/vendor/bundle/ruby/2.1.0/specifications/turbolinks-2.1.0.gemspec
I, [2014-02-23T12:34:22.538641 #32014]  INFO -- : 0:  jquery-turbolinks (2.0.2) from /Users/luisloya/Code/Cuanto-Debemos/vendor/bundle/ruby/2.1.0/specifications/jquery-turbolinks-2.0.2.gemspec
I, [2014-02-23T12:34:22.574869 #32014]  INFO -- : 0:  jqvmap-rails (2.1.2.2) from /Users/luisloya/Code/Cuanto-Debemos/vendor/bundle/ruby/2.1.0/bundler/gems/jqvmap-rails-56aded7c3b9a/jqvmap-rails.gemspec
I, [2014-02-23T12:34:22.575258 #32014]  INFO -- : 0:  json (1.8.1) from /Users/luisloya/.rvm/rubies/ruby-2.1.0/lib/ruby/gems/2.1.0/specifications/default/json-1.8.1.gemspec
I, [2014-02-23T12:34:22.575581 #32014]  INFO -- : 0:  kaminari (0.15.1) from /Users/luisloya/Code/Cuanto-Debemos/vendor/bundle/ruby/2.1.0/specifications/kaminari-0.15.1.gemspec
I, [2014-02-23T12:34:22.575882 #32014]  INFO -- : 0:  pg (0.17.1) from /Users/luisloya/Code/Cuanto-Debemos/vendor/bundle/ruby/2.1.0/specifications/pg-0.17.1.gemspec
I, [2014-02-23T12:34:22.576163 #32014]  INFO -- : 0:  rails_layout (0.5.11) from /Users/luisloya/Code/Cuanto-Debemos/vendor/bundle/ruby/2.1.0/specifications/rails_layout-0.5.11.gemspec
I, [2014-02-23T12:34:22.576465 #32014]  INFO -- : 0:  rdoc (4.1.1) from /Users/luisloya/Code/Cuanto-Debemos/vendor/bundle/ruby/2.1.0/specifications/rdoc-4.1.1.gemspec
I, [2014-02-23T12:34:22.576771 #32014]  INFO -- : 0:  rest-client (1.6.7) from /Users/luisloya/Code/Cuanto-Debemos/vendor/bundle/ruby/2.1.0/specifications/rest-client-1.6.7.gemspec
I, [2014-02-23T12:34:22.577064 #32014]  INFO -- : 0:  rspec-core (2.14.7) from /Users/luisloya/Code/Cuanto-Debemos/vendor/bundle/ruby/2.1.0/specifications/rspec-core-2.14.7.gemspec
I, [2014-02-23T12:34:22.577365 #32014]  INFO -- : 0:  rspec-expectations (2.14.5) from /Users/luisloya/Code/Cuanto-Debemos/vendor/bundle/ruby/2.1.0/specifications/rspec-expectations-2.14.5.gemspec
I, [2014-02-23T12:34:22.577653 #32014]  INFO -- : 0:  rspec-mocks (2.14.6) from /Users/luisloya/Code/Cuanto-Debemos/vendor/bundle/ruby/2.1.0/specifications/rspec-mocks-2.14.6.gemspec
I, [2014-02-23T12:34:22.577941 #32014]  INFO -- : 0:  rspec-rails (2.14.1) from /Users/luisloya/Code/Cuanto-Debemos/vendor/bundle/ruby/2.1.0/specifications/rspec-rails-2.14.1.gemspec
I, [2014-02-23T12:34:22.578229 #32014]  INFO -- : 0:  sdoc (0.4.0) from /Users/luisloya/Code/Cuanto-Debemos/vendor/bundle/ruby/2.1.0/specifications/sdoc-0.4.0.gemspec
I, [2014-02-23T12:34:22.578515 #32014]  INFO -- : 0:  uglifier (2.4.0) from /Users/luisloya/Code/Cuanto-Debemos/vendor/bundle/ruby/2.1.0/specifications/uglifier-2.4.0.gemspec
